1616148052004,1
1616148052039,8
1616148052042,10
1616148052042,10
1616148052042,10
1616148052042,10
1616148052042,10
1616148052042,10
1616148052042,10
1616148052042,10
1616148052042,10
1616148052042,10
1616148052042,10
1616148052042,10
1616148052042,10
1616148052042,10
1616148052042,10
1616148052042,10
1616148052042,10
1616148052042,10
1616148052042,10
1616148052042,10
1616148052042,10
1616148052042,10
1616148052042,10
1616148052042,10
1616148052042,10
1616148052042,10
1616148052042,10
1616148052042,10
1616148052042,10
1616148052042,10
1616148052042,10
1616148052042,10
1616148052042,10
1616148052042,10
1616148052042,10
1616148052042,10
1616148052042,10
1616148052042,10
1616148052042,10
1616148052042,10
1616148052042,10
1616148052042,10
1616148052042,10
1616148052042,10
1616148052042,10
1616148052042,10
1616148052042,10
1616148052042,10
1616148052042,10
1616148052042,10
1616148052042,10
1616148052042,10
1616148052042,10
1616148052042,10
1616148052042,10
1616148052042,10
1616148052042,10
1616148052042,10
1616148052042,10
1616148052042,10
1616148052042,10
1616148052042,10
1616148052042,10
1616148052042,10
1616148052042,10
1616148052042,10
1616148052042,10
1616148052042,10
1616148052042,10
1616148052042,10
1616148052042,10
1616148052042,10
1616148052042,10
1616148052042,10
1616148052042,10
1616148052042,10
1616148052042,10
1616148052042,10
1616148052042,10
1616148052042,10
1616148052042,10
1616148052042,10
1616148053019,13
1616148053044,16
1616148053062,20
1616148053062,20
1616148053062,20
1616148053062,20
1616148053062,20
1616148053062,20
1616148053062,20
1616148053062,20
1616148053062,20
1616148053062,20
1616148053062,20
1616148053062,20
1616148053062,20
1616148053062,20
1616148053062,20
1616148053062,20
1616148053062,20
1616148053062,20
1616148053062,20
1616148053062,20
1616148053062,20
1616148053062,20
1616148053062,20
1616148053062,20
1616148053062,20
1616148053062,20
1616148053062,20
1616148053062,20
1616148053062,20
1616148053062,20
1616148053062,20
1616148053062,20
1616148053062,20
1616148053062,20
1616148053062,20
1616148053062,20
1616148053062,20
1616148053062,20
1616148053062,20
1616148053062,20
1616148053062,20
1616148053062,20
1616148053062,20
1616148053062,20
1616148053062,20
1616148053062,20
1616148053062,20
1616148053062,20
1616148053062,20
1616148053062,20
1616148053062,20
1616148053062,20
1616148053062,20
1616148053062,20
1616148053062,20
1616148053062,20
1616148053062,20
1616148053062,20
1616148053062,20
1616148053062,20
1616148053062,20
1616148053062,20
1616148053062,20
1616148053062,20
1616148053062,20
1616148053062,20
1616148053062,20
1616148053062,20
1616148053062,20
1616148053062,20
1616148053062,20
1616148053062,20
1616148053062,20
1616148053062,20
1616148053062,20
1616148053062,20
1616148053062,20
1616148053062,20
1616148053062,20
1616148053062,20
1616148053062,20
1616148053062,20
1616148053062,20
1616148053062,20
1616148053062,20
1616148053062,20
1616148053062,20
1616148053062,20
1616148053062,20
1616148053062,20
1616148053062,20
1616148053062,20
1616148053062,20
1616148053062,20
1616148054010,21
1616148054042,29
1616148054044,30
1616148054044,30
1616148054044,30
1616148054044,30
1616148054044,30
1616148054044,30
1616148054044,30
1616148054044,30
1616148054044,30
1616148054044,30
1616148054044,30
1616148054044,30
1616148054044,30
1616148054044,30
1616148054044,30
1616148054044,30
1616148054044,30
1616148054044,30
1616148054044,30
1616148054044,30
1616148054044,30
1616148054044,30
1616148054044,30
1616148054044,30
1616148054044,30
1616148054044,30
1616148054044,30
1616148054044,30
1616148054044,30
1616148054044,30
1616148054044,30
1616148054044,30
1616148054044,30
1616148054044,30
1616148054044,30
1616148054044,30
1616148054044,30
1616148054044,30
1616148054044,30
1616148054044,30
1616148054044,30
1616148054044,30
1616148054044,30
1616148054044,30
1616148054044,30
1616148054044,30
1616148054044,30
1616148054044,30
1616148054044,30
1616148054044,30
1616148054044,30
1616148054044,30
1616148054044,30
1616148054044,30
1616148054044,30
1616148054044,30
1616148054044,30
1616148054044,30
1616148054044,30
1616148054044,30
1616148054044,30
1616148054044,30
1616148054044,30
1616148054044,30
1616148054044,30
1616148054044,30
1616148054044,30
1616148054044,30
1616148054044,30
1616148054044,30
1616148054044,30
1616148054044,30
1616148054044,30
1616148054044,30
1616148054044,30
1616148054044,30
1616148054044,30
1616148054044,30
1616148054044,30
1616148054044,30
1616148054044,30
1616148054044,30
1616148054044,30
1616148054044,30
1616148054044,30
1616148054044,30
1616148054044,30
1616148054044,30
1616148054044,30
1616148054044,30
1616148054044,30
1616148054044,30
1616148054044,30
1616148054044,30
1616148054044,30
1616148054044,30
1616148054044,30
1616148054044,30
1616148054044,30
1616148054044,30
1616148054044,30
1616148054044,30
1616148054044,30
1616148055004,31
1616148055030,33
1616148055043,36
1616148055073,40
1616148055073,40
1616148055073,40
1616148055073,40
1616148055073,40
1616148055073,40
1616148055073,40
1616148055073,40
1616148055073,40
1616148055073,40
1616148055073,40
1616148055073,40
1616148055073,40
1616148055073,40
1616148055073,40
1616148055073,40
1616148055073,40
1616148055073,40
1616148055073,40
1616148055073,40
1616148055073,40
1616148055073,40
1616148055073,40
1616148055073,40
1616148055073,40
1616148055073,40
1616148055073,40
1616148055073,40
1616148055073,40
1616148055073,40
1616148055073,40
1616148055073,40
1616148055073,40
1616148055073,40
1616148055073,40
1616148055073,40
1616148055073,40
1616148055073,40
1616148055073,40
1616148055073,40
1616148055073,40
1616148055073,40
1616148055073,40
1616148055073,40
1616148055073,40
1616148055073,40
1616148055073,40
1616148055073,40
1616148055073,40
1616148055073,40
1616148055073,40
1616148055073,40
1616148055073,40
1616148055073,40
1616148055073,40
1616148055073,40
1616148055073,40
1616148055073,40
1616148055073,40
1616148055073,40
1616148055073,40
1616148055073,40
1616148055073,40
1616148055073,40
1616148055073,40
1616148055073,40
1616148055073,40
1616148055073,40
1616148055073,40
1616148055073,40
1616148055073,40
1616148055073,40
1616148055073,40
1616148055073,40
1616148055073,40
1616148055073,40
1616148055073,40
1616148055073,40
1616148055073,40
1616148055073,40
1616148055073,40
1616148055073,40
1616148055073,40
1616148055073,40
1616148055073,40
1616148055073,40
1616148055073,40
1616148055073,40
1616148055073,40
1616148055073,40
1616148055073,40
1616148055073,40
1616148055073,40
1616148055073,40
1616148055073,40
1616148055073,40
1616148055073,40
1616148055073,40
1616148055073,40
1616148055073,40
1616148055073,40
1616148055073,40
1616148055073,40
1616148055073,40
1616148055073,40
1616148055073,40
1616148055073,40
1616148055073,40
1616148055073,40
1616148055073,40
1616148055073,40
1616148055073,40
1616148055073,40
1616148056017,41
1616148056031,42
1616148056058,47
1616148056070,49
1616148056080,50
1616148056080,50
1616148056080,50
1616148056080,50
1616148056080,50
1616148056080,50
1616148056080,50
1616148056080,50
1616148056080,50
1616148056080,50
1616148056080,50
1616148056080,50
1616148056080,50
1616148056080,50
1616148056080,50
1616148056080,50
1616148056080,50
1616148056080,50
1616148056080,50
1616148056080,50
1616148056080,50
1616148056080,50
1616148056080,50
1616148056080,50
1616148056080,50
1616148056080,50
1616148056080,50
1616148056080,50
1616148056080,50
1616148056080,50
1616148056080,50
1616148056080,50
1616148056080,50
1616148056080,50
1616148056080,50
1616148056080,50
1616148056080,50
1616148056080,50
1616148056080,50
1616148056080,50
1616148056080,50
1616148056080,50
1616148056080,50
1616148056080,50
1616148056080,50
1616148056080,50
1616148056080,50
1616148056080,50
1616148056080,50
1616148056080,50
1616148056080,50
1616148056080,50
1616148056080,50
1616148056080,50
1616148056080,50
1616148056080,50
1616148056080,50
1616148056080,50
1616148056080,50
1616148056080,50
1616148056080,50
1616148056080,50
1616148056080,50
1616148056080,50
1616148056080,50
1616148056080,50
1616148056080,50
1616148056080,50
1616148056080,50
1616148056080,50
1616148056080,50
1616148056080,50
1616148056080,50
1616148056080,50
1616148056080,50
1616148056080,50
1616148056080,50
1616148056080,50
1616148056080,50
1616148056080,50
1616148056080,50
1616148056080,50
1616148056080,50
1616148056080,50
1616148056080,50
1616148056080,50
1616148056080,50
1616148056080,50
1616148056080,50
1616148056080,50
1616148056080,50
1616148056080,50
1616148056080,50
1616148056080,50
1616148056080,50
1616148056080,50
1616148056080,50
1616148056080,50
1616148056080,50
1616148056080,50
1616148056080,50
1616148056080,50
1616148056080,50
1616148057007,51
1616148057025,52
1616148057066,55
1616148057072,59
1616148057079,60
1616148057079,60
1616148057079,60
1616148057079,60
1616148057079,60
1616148057079,60
1616148057079,60
1616148057079,60
1616148057079,60
1616148057079,60
1616148057079,60
1616148057079,60
1616148057079,60
1616148057079,60
1616148057079,60
1616148057079,60
1616148057079,60
1616148057079,60
1616148057079,60
1616148057079,60
1616148057079,60
1616148057079,60
1616148057079,60
1616148057079,60
1616148057079,60
1616148057079,60
1616148057079,60
1616148057079,60
1616148057079,60
1616148057079,60
1616148057079,60
1616148057079,60
1616148057079,60
1616148057079,60
1616148057079,60
1616148057079,60
1616148057079,60
1616148057079,60
1616148057079,60
1616148057079,60
1616148057079,60
1616148057079,60
1616148057079,60
1616148057079,60
1616148057079,60
1616148057079,60
1616148057079,60
1616148057079,60
1616148057079,60
1616148057079,60
1616148057079,60
1616148057079,60
1616148057079,60
1616148057079,60
1616148057079,60
1616148057079,60
1616148057079,60
1616148057079,60
1616148057079,60
1616148057079,60
1616148057079,60
1616148057079,60
1616148057079,60
1616148057079,60
1616148057079,60
1616148057079,60
1616148057079,60
1616148057079,60
1616148057079,60
1616148057079,60
1616148057079,60
1616148057079,60
1616148057079,60
1616148057079,60
1616148057079,60
1616148057079,60
1616148057079,60
1616148057079,60
1616148057079,60
1616148057079,60
1616148057079,60
1616148057079,60
1616148057079,60
1616148057079,60
1616148057079,60
1616148057079,60
1616148057079,60
1616148057079,60
1616148057079,60
1616148057079,60
1616148057079,60
1616148057079,60
1616148058024,62
1616148058058,68
1616148058066,70
1616148058066,70
1616148058066,70
1616148058066,70
1616148058066,70
1616148058066,70
1616148058066,70
1616148058066,70
1616148058066,70
1616148058066,70
1616148058066,70
1616148058066,70
1616148058066,70
1616148058066,70
1616148058066,70
1616148058066,70
1616148058066,70
1616148058066,70
1616148058066,70
1616148058066,70
1616148058066,70
1616148058066,70
1616148058066,70
1616148058066,70
1616148058066,70
1616148058066,70
1616148058066,70
1616148058066,70
1616148058066,70
1616148058066,70
1616148058066,70
1616148058066,70
1616148058066,70
1616148058066,70
1616148058066,70
1616148058066,70
1616148058066,70
1616148058066,70
1616148058066,70
1616148058066,70
1616148058066,70
1616148058066,70
1616148058066,70
1616148058066,70
1616148058066,70
1616148058066,70
1616148058066,70
1616148058066,70
1616148058066,70
1616148058066,70
1616148058066,70
1616148058066,70
1616148058066,70
1616148058066,70
1616148058066,70
1616148058066,70
1616148058066,70
1616148058066,70
1616148058066,70
1616148058066,70
1616148058066,70
1616148058066,70
1616148058066,70
1616148058066,70
1616148058066,70
1616148058066,70
1616148058066,70
1616148058066,70
1616148058066,70
1616148058066,70
1616148058066,70
1616148058066,70
1616148058066,70
1616148058066,70
1616148058066,70
1616148058066,70
1616148058066,70
1616148058066,70
1616148058066,70
1616148058066,70
1616148058066,70
1616148058066,70
1616148058066,70
1616148058066,70
1616148058066,70
1616148058066,70
1616148058066,70
1616148058066,70
1616148058066,70
1616148058066,70
1616148058066,70
1616148058066,70
1616148058066,70
1616148059006,71
1616148059048,76
1616148059059,80
1616148059059,80
1616148059059,80
1616148059059,80
1616148059059,80
1616148059059,80
1616148059059,80
1616148059059,80
1616148059059,80
1616148059059,80
1616148059059,80
1616148059059,80
1616148059059,80
1616148059059,80
1616148059059,80
1616148059059,80
1616148059059,80
1616148059059,80
1616148059059,80
1616148059059,80
1616148059059,80
1616148059059,80
1616148059059,80
1616148059059,80
1616148059059,80
1616148059059,80
1616148059059,80
1616148059059,80
1616148059059,80
1616148059059,80
1616148059059,80
1616148059059,80
1616148059059,80
1616148059059,80
1616148059059,80
1616148059059,80
1616148059059,80
1616148059059,80
1616148059059,80
1616148059059,80
1616148059059,80
1616148059059,80
1616148059059,80
1616148059059,80
1616148059059,80
1616148059059,80
1616148059059,80
1616148059059,80
1616148059059,80
1616148059059,80
1616148059059,80
1616148059059,80
1616148059059,80
1616148059059,80
1616148059059,80
1616148059059,80
1616148059059,80
1616148059059,80
1616148059059,80
1616148059059,80
1616148059059,80
1616148059059,80
1616148059059,80
1616148059059,80
1616148059059,80
1616148059059,80
1616148059059,80
1616148059059,80
1616148059059,80
1616148059059,80
1616148059059,80
1616148059059,80
1616148059059,80
1616148059059,80
1616148059059,80
1616148059059,80
1616148059059,80
1616148059059,80
1616148059059,80
1616148059059,80
1616148059059,80
1616148059059,80
1616148059059,80
1616148059059,80
1616148059059,80
1616148059059,80
1616148059059,80
1616148059059,80
1616148059059,80
1616148059059,80
1616148059059,80
1616148059059,80
1616148059059,80
1616148059059,80
1616148059059,80
1616148059059,80
1616148059059,80
1616148060048,85
1616148060076,88
1616148060086,89
1616148060100,90
1616148060100,90
1616148060100,90
1616148060100,90
1616148060100,90
1616148060100,90
1616148060100,90
1616148060100,90
1616148060100,90
1616148060100,90
1616148060100,90
1616148060100,90
1616148060100,90
1616148060100,90
1616148060100,90
1616148060100,90
1616148060100,90
1616148060100,90
1616148060100,90
1616148060100,90
1616148060100,90
1616148060100,90
1616148060100,90
1616148060100,90
1616148060100,90
1616148060100,90
1616148060100,90
1616148060100,90
1616148060100,90
1616148060100,90
1616148060100,90
1616148060100,90
1616148060100,90
1616148060100,90
1616148060100,90
1616148060100,90
1616148060100,90
1616148060100,90
1616148060100,90
1616148060100,90
1616148060100,90
1616148060100,90
1616148060100,90
1616148060100,90
1616148060100,90
1616148060100,90
1616148060100,90
1616148060100,90
1616148060100,90
1616148060100,90
1616148060100,90
1616148060100,90
1616148060100,90

1616148061040,96
1616148061060,99
1616148061068,100
1616148061068,100
1616148061068,100
1616148061068,100
1616148061068,100
1616148061068,100
1616148061068,100
1616148061068,100
1616148061068,100
1616148061068,100
1616148061068,100
1616148061068,100
1616148061068,100
1616148061068,100
1616148061068,100
1616148061068,100
1616148061068,100
1616148061068,100
1616148061068,100
1616148061068,100
1616148061068,100
1616148061068,100
1616148061068,100
1616148061068,100
1616148061068,100
1616148061068,100
1616148061068,100
1616148061068,100
1616148061068,100
1616148061068,100
1616148061068,100
1616148061068,100
1616148061068,100
1616148061068,100
1616148061068,100
1616148061068,100
1616148061068,100
1616148061068,100
1616148061068,100
1616148061068,100
1616148061068,100
1616148061068,100
1616148061068,100
1616148061068,100
1616148061068,100
1616148061068,100
1616148061068,100
1616148061068,100
1616148061068,100
1616148061068,100
1616148061068,100
1616148061068,100
1616148061068,100
1616148061068,100
1616148061068,100
1616148061068,100
1616148061068,100
1616148061068,100
1616148061068,100
1616148061068,100
1616148061068,100
1616148061068,100
1616148061068,100
1616148061068,100
1616148061068,100
1616148061068,100
1616148061068,100
1616148061068,100
1616148061068,100
1616148061068,100
1616148061068,100
1616148061068,100
1616148061068,100
1616148061068,100
1616148061068,100
1616148061068,100
1616148061068,100
1616148061068,100
1616148061068,100
1616148061068,100
1616148061068,100
1616148061068,100
1616148061068,100
1616148061068,100
1616148061068,100
1616148061068,100
1616148061068,100
1616148061068,100
1616148061068,100
1616148061068,100
1616148062026,102
1616148062046,106
1616148062071,110
1616148062071,110
1616148062071,110
1616148062071,110
1616148062071,110
1616148062071,110
1616148062071,110
1616148062071,110
1616148062071,110
1616148062071,110
1616148062071,110
1616148062071,110
1616148062071,110
1616148062071,110
1616148062071,110
1616148062071,110
1616148062071,110
1616148062071,110
1616148062071,110
1616148062071,110
1616148062071,110
1616148062071,110
1616148062071,110
1616148062071,110
1616148062071,110
1616148062071,110
1616148062071,110
1616148062071,110
1616148062071,110
1616148062071,110
1616148062071,110
1616148062071,110
1616148062071,110
1616148062071,110
1616148062071,110
1616148062071,110
1616148062071,110
1616148062071,110
1616148062071,110
1616148062071,110
1616148062071,110
1616148062071,110
1616148062071,110
1616148062071,110
1616148062071,110
1616148062071,110
1616148062071,110
1616148062071,110
1616148062071,110
1616148062071,110
1616148062071,110
1616148062071,110
1616148062071,110
1616148062071,110
1616148062071,110
1616148062071,110
1616148062071,110
1616148062071,110
1616148062071,110
1616148062071,110
1616148062071,110
1616148062071,110
1616148062071,110
1616148062071,110
1616148062071,110
1616148062071,110
1616148062071,110
1616148062071,110
1616148062071,110
1616148062071,110
1616148062071,110
1616148062071,110
1616148062071,110
1616148062071,110
1616148062071,110
1616148062071,110
1616148062071,110
1616148062071,110
1616148062071,110
1616148062071,110
1616148062071,110
1616148062071,110
1616148062071,110
1616148062071,110
1616148062071,110
1616148062071,110
1616148062071,110
1616148062071,110
1616148063014,112
1616148063030,115
1616148063054,118
1616148063061,120
1616148063061,120
1616148063061,120
1616148063061,120
1616148063061,120
1616148063061,120
1616148063061,120
1616148063061,120
1616148063061,120
1616148063061,120
1616148063061,120
1616148063061,120
1616148063061,120
1616148063061,120
1616148063061,120
1616148063061,120
1616148063061,120
1616148063061,120
1616148063061,120
1616148063061,120
1616148063061,120
1616148063061,120
1616148063061,120
1616148063061,120
1616148063061,120
1616148063061,120
1616148063061,120
1616148063061,120
1616148063061,120
1616148063061,120
1616148063061,120
1616148063061,120
1616148063061,120
1616148063061,120
1616148063061,120
1616148063061,120
1616148063061,120
1616148063061,120
1616148063061,120
1616148063061,120
1616148063061,120
1616148063061,120
1616148063061,120
1616148063061,120
1616148063061,120
1616148063061,120
1616148063061,120
1616148063061,120
1616148063061,120
1616148063061,120
1616148063061,120
1616148063061,120
1616148063061,120
1616148063061,120
1616148063061,120
1616148063061,120
1616148063061,120
1616148063061,120
1616148063061,120
1616148063061,120
1616148063061,120
1616148063061,120
1616148063061,120
1616148063061,120
1616148063061,120
1616148063061,120
1616148063061,120
1616148063061,120
1616148063061,120
1616148063061,120
1616148063061,120
1616148063061,120
1616148063061,120
1616148063061,120
1616148063061,120
1616148063061,120
1616148063061,120
1616148063061,120
1616148063061,120
1616148063061,120
1616148063061,120
1616148063061,120
1616148063061,120
1616148063061,120
1616148064009,121
1616148064033,124
1616148064047,127
1616148064073,130
1616148064073,130
1616148064073,130
1616148064073,130
1616148064073,130
1616148064073,130
1616148064073,130
1616148064073,130
1616148064073,130
1616148064073,130
1616148064073,130
1616148064073,130
1616148064073,130
1616148064073,130
1616148064073,130
1616148064073,130
1616148064073,130
1616148064073,130
1616148064073,130
1616148064073,130
1616148064073,130
1616148064073,130
1616148064073,130
1616148064073,130
1616148064073,130
1616148064073,130
1616148064073,130
1616148064073,130
1616148064073,130
1616148064073,130
1616148064073,130
1616148064073,130
1616148064073,130
1616148064073,130
1616148064073,130
1616148064073,130
1616148064073,130
1616148064073,130
1616148064073,130
1616148064073,130
1616148064073,130
1616148064073,130
1616148064073,130
1616148064073,130
1616148064073,130
1616148064073,130
1616148064073,130
1616148064073,130
1616148064073,130
1616148064073,130
1616148064073,130
1616148064073,130
1616148064073,130
1616148064073,130
1616148064073,130
1616148064073,130
1616148064073,130
1616148064073,130
1616148064073,130
1616148064073,130
1616148064073,130
1616148064073,130
1616148064073,130
1616148064073,130
1616148064073,130
1616148064073,130
1616148064073,130
1616148064073,130
1616148064073,130
1616148064073,130
1616148064073,130
1616148064073,130
1616148064073,130
1616148064073,130
1616148064073,130
1616148064073,130
1616148064073,130
1616148064073,130
1616148064073,130
1616148064073,130
1616148064073,130
1616148064073,130
1616148064073,130
1616148064073,130
1616148064073,130
1616148064073,130
1616148064073,130
1616148064073,130
1616148064073,130
1616148064073,130
1616148064073,130
1616148064073,130
1616148064073,130
1616148065016,133
1616148065052,137
1616148065067,140
1616148065067,140
1616148065067,140
1616148065067,140
1616148065067,140
1616148065067,140
1616148065067,140
1616148065067,140
1616148065067,140
1616148065067,140
1616148065067,140
1616148065067,140
1616148065067,140
1616148065067,140
1616148065067,140
1616148065067,140
1616148065067,140
1616148065067,140
1616148065067,140
1616148065067,140
1616148065067,140
1616148065067,140
1616148065067,140
1616148065067,140
1616148065067,140
1616148065067,140
1616148065067,140
1616148065067,140
1616148065067,140
1616148065067,140
1616148065067,140
1616148065067,140
1616148065067,140
1616148065067,140
1616148065067,140
1616148065067,140
1616148065067,140
1616148065067,140
1616148065067,140
1616148065067,140
1616148065067,140
1616148065067,140
1616148065067,140
1616148065067,140
1616148065067,140
1616148065067,140
1616148065067,140
1616148065067,140
1616148065067,140
1616148065067,140
1616148065067,140
1616148065067,140
1616148065067,140
1616148065067,140
1616148065067,140
1616148065067,140
1616148065067,140
1616148065067,140
1616148065067,140
1616148065067,140
1616148065067,140
1616148065067,140
1616148065067,140
1616148065067,140
1616148065067,140
1616148065067,140
1616148065067,140
1616148065067,140
1616148065067,140
1616148065067,140
1616148065067,140
1616148065067,140
1616148065067,140
1616148065067,140
1616148065067,140
1616148065067,140
1616148065067,140
1616148065067,140
1616148065067,140
1616148065067,140
1616148065067,140
1616148065067,140
1616148065067,140
1616148065067,140
1616148065067,140
1616148065067,140
1616148065067,140
1616148065067,140
1616148065067,140
1616148065067,140
1616148066013,142
1616148066040,144
1616148066064,148
1616148066072,150
1616148066072,150
1616148066072,150
1616148066072,150
1616148066072,150
1616148066072,150
1616148066072,150
1616148066072,150
1616148066072,150
1616148066072,150
1616148066072,150
1616148066072,150
1616148066072,150
1616148066072,150
1616148066072,150
1616148066072,150
1616148066072,150
1616148066072,150
1616148066072,150
1616148066072,150
1616148066072,150
1616148066072,150
1616148066072,150
1616148066072,150
1616148066072,150
1616148066072,150
1616148066072,150
1616148066072,150
1616148066072,150
1616148066072,150
1616148066072,150
1616148066072,150
1616148066072,150
1616148066072,150
1616148066072,150
1616148066072,150
1616148066072,150
1616148066072,150
1616148066072,150
1616148066072,150
1616148066072,150
1616148066072,150
1616148066072,150
1616148066072,150
1616148066072,150
1616148066072,150
1616148066072,150
1616148066072,150
1616148066072,150
1616148066072,150
1616148066072,150
1616148066072,150
1616148066072,150
1616148066072,150
1616148066072,150
1616148066072,150
1616148066072,150
1616148066072,150
1616148066072,150
1616148066072,150
1616148066072,150
1616148066072,150
1616148066072,150
1616148066072,150
1616148066072,150
1616148066072,150
1616148066072,150
1616148066072,150
1616148066072,150
1616148066072,150
1616148066072,150
1616148066072,150
1616148066072,150
1616148066072,150
1616148066072,150
1616148066072,150
1616148066072,150
1616148066072,150
1616148066072,150
1616148066072,150
1616148066072,150
1616148066072,150
1616148066072,150
1616148066072,150
1616148066072,150
1616148067012,151
1616148067038,156
1616148067055,160
1616148067055,160
1616148067055,160
1616148067055,160
1616148067055,160
1616148067055,160
1616148067055,160
1616148067055,160
1616148067055,160
1616148067055,160
1616148067055,160
1616148067055,160
1616148067055,160
1616148067055,160
1616148067055,160
1616148067055,160
1616148067055,160
1616148067055,160
1616148067055,160
1616148067055,160
1616148067055,160
1616148067055,160
1616148067055,160
1616148067055,160
1616148067055,160
1616148067055,160
1616148067055,160
1616148067055,160
1616148067055,160
1616148067055,160
1616148067055,160
1616148067055,160
1616148067055,160
1616148067055,160
1616148067055,160
1616148067055,160
1616148067055,160
1616148067055,160
1616148067055,160
1616148067055,160
1616148067055,160
1616148067055,160
1616148067055,160
1616148067055,160
1616148067055,160
1616148067055,160
1616148067055,160
1616148067055,160
1616148067055,160
1616148067055,160
1616148067055,160
1616148067055,160
1616148067055,160
1616148067055,160
1616148067055,160
1616148067055,160
1616148067055,160
1616148067055,160
1616148067055,160
1616148067055,160
1616148067055,160
1616148067055,160
1616148067055,160
1616148067055,160
1616148067055,160
1616148067055,160
1616148067055,160
1616148067055,160
1616148067055,160
1616148067055,160
1616148067055,160
1616148067055,160
1616148067055,160
1616148067055,160
1616148067055,160
1616148067055,160
1616148067055,160
1616148067055,160
1616148067055,160
1616148067055,160
1616148067055,160
1616148067055,160
1616148067055,160
1616148067055,160
1616148067055,160
1616148067055,160
1616148067055,160
1616148067055,160
1616148067055,160
1616148067055,160
1616148067055,160
1616148067055,160
1616148067055,160
1616148067055,160
1616148068017,162
1616148068038,167
1616148068043,170
1616148068043,170
1616148068043,170
1616148068043,170
1616148068043,170
1616148068043,170
1616148068043,170
1616148068043,170
1616148068043,170
1616148068043,170
1616148068043,170
1616148068043,170
1616148068043,170
1616148068043,170
1616148068043,170
1616148068043,170
1616148068043,170
1616148068043,170
1616148068043,170
1616148068043,170
1616148068043,170
1616148068043,170
1616148068043,170
1616148068043,170
1616148068043,170
1616148068043,170
1616148068043,170
1616148068043,170
1616148068043,170
1616148068043,170
1616148068043,170
1616148068043,170
1616148068043,170
1616148068043,170
1616148068043,170
1616148068043,170
1616148068043,170
1616148068043,170
1616148068043,170
1616148068043,170
1616148068043,170
1616148068043,170
1616148068043,170
1616148068043,170
1616148068043,170
1616148068043,170
1616148068043,170
1616148068043,170
1616148068043,170
1616148068043,170
1616148068043,170
1616148068043,170
1616148068043,170
1616148068043,170
1616148068043,170
1616148068043,170
1616148068043,170
1616148068043,170
1616148068043,170
1616148068043,170
1616148068043,170
1616148068043,170
1616148068043,170
1616148068043,170
1616148068043,170
1616148068043,170
1616148068043,170
1616148068043,170
1616148068043,170
1616148068043,170
1616148068043,170
1616148068043,170
1616148068043,170
1616148068043,170
1616148068043,170
1616148068043,170
1616148068043,170
1616148068043,170
1616148068043,170
1616148068043,170
1616148068043,170
1616148068043,170
1616148068043,170
1616148068043,170
1616148068043,170
1616148068043,170
1616148068043,170
1616148068043,170
1616148068043,170
1616148068043,170
1616148068043,170
1616148068043,170
1616148068043,170
1616148068043,170
1616148069021,173
1616148069036,175
1616148069076,178
1616148069104,180
1616148069104,180
1616148069104,180
1616148069104,180
1616148069104,180
1616148069104,180
1616148069104,180
1616148069104,180
1616148069104,180
1616148069104,180
1616148069104,180
1616148069104,180
1616148069104,180
1616148069104,180
1616148069104,180
1616148069104,180
1616148069104,180
1616148069104,180
1616148069104,180
1616148069104,180
1616148069104,180
1616148069104,180
1616148069104,180
1616148069104,180
1616148069104,180
1616148069104,180
1616148069104,180
1616148069104,180
1616148069104,180
1616148069104,180
1616148069104,180
1616148069104,180
1616148069104,180
1616148069104,180
1616148069104,180
1616148069104,180
1616148069104,180
1616148069104,180
1616148069104,180
1616148069104,180
1616148069104,180
1616148069104,180
1616148069104,180
1616148069104,180
1616148069104,180
1616148069104,180
1616148069104,180
1616148069104,180
1616148069104,180
1616148069104,180
1616148069104,180
1616148069104,180
1616148069104,180
1616148069104,180
1616148069104,180
1616148069104,180
1616148069104,180
1616148069104,180
1616148069104,180
1616148069104,180
1616148069104,180
1616148069104,180
1616148069104,180
1616148069104,180
1616148069104,180
1616148069104,180
1616148069104,180
1616148069104,180
1616148069104,180
1616148069104,180
1616148069104,180
1616148069104,180
1616148069104,180
1616148069104,180
1616148069104,180
1616148069104,180
1616148069104,180
1616148069104,180
1616148069104,180
1616148069104,180
1616148069104,180
1616148069104,180
1616148069104,180
1616148070010,181
1616148070046,185
1616148070070,187
1616148070083,190
1616148070083,190
1616148070083,190
1616148070083,190
1616148070083,190
1616148070083,190
1616148070083,190
1616148070083,190
1616148070083,190
1616148070083,190
1616148070083,190
1616148070083,190
1616148070083,190
1616148070083,190
1616148070083,190
1616148070083,190
1616148070083,190
1616148070083,190
1616148070083,190
1616148070083,190
1616148070083,190
1616148070083,190
1616148070083,190
1616148070083,190
1616148070083,190
1616148070083,190
1616148070083,190
1616148070083,190
1616148070083,190
1616148070083,190
1616148070083,190
1616148070083,190
1616148070083,190
1616148070083,190
1616148070083,190
1616148070083,190
1616148070083,190
1616148070083,190
1616148070083,190
1616148070083,190
1616148070083,190
1616148070083,190
1616148070083,190
1616148070083,190
1616148070083,190
1616148070083,190
1616148070083,190
1616148070083,190
1616148070083,190
1616148070083,190
1616148070083,190
1616148070083,190
1616148070083,190
1616148070083,190
1616148070083,190
1616148070083,190
1616148070083,190
1616148070083,190
1616148070083,190
1616148070083,190
1616148070083,190
1616148070083,190
1616148070083,190
1616148070083,190
1616148070083,190
1616148070083,190
1616148070083,190
1616148070083,190
1616148070083,190
1616148070083,190
1616148070083,190
1616148070083,190
1616148070083,190
1616148070083,190
1616148070083,190
1616148071009,191
1616148071037,195
1616148071048,197
1616148071072,200
1616148071072,200
1616148071072,200
1616148071072,200
1616148071072,200
1616148071072,200
1616148071072,200
1616148071072,200
1616148071072,200
1616148071072,200
1616148071072,200
1616148071072,200
1616148071072,200
1616148071072,200
1616148071072,200
1616148071072,200
1616148071072,200
1616148071072,200
1616148071072,200
1616148071072,200
1616148071072,200
1616148071072,200
1616148071072,200
1616148071072,200
1616148071072,200
1616148071072,200
1616148071072,200
1616148071072,200
1616148071072,200
1616148071072,200
1616148071072,200
1616148071072,200
1616148071072,200
1616148071072,200
1616148071072,200
1616148071072,200
1616148071072,200
1616148071072,200
1616148071072,200
1616148071072,200
1616148071072,200
1616148071072,200
1616148071072,200
1616148071072,200
1616148071072,200
1616148071072,200
1616148071072,200
1616148071072,200
1616148071072,200
1616148071072,200
1616148071072,200
1616148071072,200
1616148071072,200
1616148071072,200
1616148071072,200
1616148071072,200
1616148071072,200
1616148071072,200
1616148071072,200
1616148071072,200
1616148071072,200
1616148071072,200
1616148071072,200
1616148071072,200
1616148071072,200
1616148071072,200
1616148071072,200
1616148071072,200
1616148071072,200
1616148071072,200
1616148071072,200
1616148071072,200
1616148071072,200
1616148071072,200
1616148071072,200
1616148071072,200
1616148071072,200
1616148071072,200
1616148071072,200
1616148071072,200
1616148071072,200
1616148071072,200
1616148071072,200
1616148071072,200
1616148071072,200
1616148071072,200
1616148072029,201
1616148072053,205
1616148072085,208
1616148072106,210
1616148072106,210
1616148072106,210
1616148072106,210
1616148072106,210
1616148072106,210
1616148072106,210
1616148072106,210
1616148072106,210
1616148072106,210
1616148072106,210
1616148072106,210
1616148072106,210
1616148072106,210
1616148072106,210
1616148072106,210
1616148072106,210
1616148072106,210
1616148072106,210
1616148072106,210
1616148072106,210
1616148072106,210
1616148072106,210
1616148072106,210
1616148072106,210
1616148072106,210
1616148072106,210
1616148072106,210
1616148072106,210
1616148072106,210
1616148072106,210
1616148072106,210
1616148072106,210
1616148072106,210
1616148072106,210
1616148072106,210
1616148072106,210
1616148072106,210
1616148072106,210
1616148072106,210
1616148072106,210
1616148072106,210
1616148072106,210
1616148072106,210
1616148072106,210
1616148072106,210
1616148072106,210
1616148072106,210
1616148072106,210
1616148072106,210
1616148072106,210
1616148072106,210
1616148072106,210
1616148072106,210
1616148072106,210
1616148072106,210
1616148072106,210
1616148072106,210
1616148072106,210
1616148072106,210
1616148072106,210
1616148072106,210
1616148072106,210
1616148072106,210
1616148072106,210
1616148072106,210
1616148072106,210
1616148072106,210
1616148072106,210
1616148072106,210
1616148072106,210
1616148072106,210
1616148072106,210
1616148072106,210
1616148072106,210
1616148072106,210
1616148072106,210
1616148072106,210
1616148072106,210
1616148072106,210
1616148072106,210
1616148072106,210
1616148073040,215
1616148073062,216
1616148073111,220
1616148073111,220
1616148073111,220
1616148073111,220
1616148073111,220
1616148073111,220
1616148073111,220
1616148073111,220
1616148073111,220
1616148073111,220
1616148073111,220
1616148073111,220
1616148073111,220
1616148073111,220
1616148073111,220
1616148073111,220
1616148073111,220
1616148073111,220
1616148073111,220
1616148073111,220
1616148073111,220
1616148073111,220
1616148073111,220
1616148073111,220
1616148073111,220
1616148073111,220
1616148073111,220
1616148073111,220
1616148073111,220
1616148073111,220
1616148073111,220
1616148073111,220
1616148073111,220
1616148073111,220
1616148073111,220
1616148073111,220
1616148073111,220
1616148073111,220
1616148073111,220
1616148073111,220
1616148073111,220
1616148073111,220
1616148073111,220
1616148073111,220
1616148073111,220
1616148073111,220
1616148073111,220
1616148073111,220
1616148073111,220
1616148073111,220
1616148073111,220
1616148073111,220
1616148073111,220
1616148073111,220
1616148073111,220
1616148073111,220
1616148073111,220
1616148073111,220
1616148073111,220
1616148073111,220
1616148073111,220
1616148073111,220
1616148073111,220
1616148073111,220
1616148073111,220
1616148073111,220
1616148073111,220
1616148073111,220
1616148073111,220
1616148073111,220
1616148074009,221
1616148074029,226
1616148074050,230
1616148074050,230
1616148074050,230
1616148074050,230
1616148074050,230
1616148074050,230
1616148074050,230
1616148074050,230
1616148074050,230
1616148074050,230
1616148074050,230
1616148074050,230
1616148074050,230
1616148074050,230
1616148074050,230
1616148074050,230
1616148074050,230
1616148074050,230
1616148074050,230
1616148074050,230
1616148074050,230
1616148074050,230
1616148074050,230
1616148074050,230
1616148074050,230
1616148074050,230
1616148074050,230
1616148074050,230
1616148074050,230
1616148074050,230
1616148074050,230
1616148074050,230
1616148074050,230
1616148074050,230
1616148074050,230
1616148074050,230
1616148074050,230
1616148074050,230
1616148074050,230
1616148074050,230
1616148074050,230
1616148074050,230
1616148074050,230
1616148074050,230
1616148074050,230
1616148074050,230
1616148074050,230
1616148074050,230
1616148074050,230
1616148074050,230
1616148074050,230
1616148074050,230
1616148074050,230
1616148074050,230
1616148074050,230
1616148074050,230
1616148074050,230
1616148074050,230
1616148074050,230
1616148074050,230
1616148074050,230
1616148074050,230
1616148074050,230
1616148074050,230
1616148074050,230
1616148074050,230
1616148074050,230
1616148074050,230
1616148074050,230
1616148074050,230
1616148074050,230
1616148074050,230
1616148074050,230
1616148074050,230
1616148074050,230
1616148074050,230
1616148074050,230
1616148074050,230
1616148074050,230
1616148074050,230
1616148074050,230
1616148074050,230
1616148074050,230
1616148074050,230
1616148074050,230
1616148074050,230
1616148074050,230
1616148074050,230
1616148074050,230
1616148074050,230
1616148074050,230
1616148074050,230
1616148074050,230
1616148074050,230
1616148074050,230
1616148074050,230
1616148074050,230
1616148075008,231
1616148075040,233
1616148075056,236
1616148075087,240
1616148075087,240
1616148075087,240
1616148075087,240
1616148075087,240
1616148075087,240
1616148075087,240
1616148075087,240
1616148075087,240
1616148075087,240
1616148075087,240
1616148075087,240
1616148075087,240
1616148075087,240
1616148075087,240
1616148075087,240
1616148075087,240
1616148075087,240
1616148075087,240
1616148075087,240
1616148075087,240
1616148075087,240
1616148075087,240
1616148075087,240
1616148075087,240
1616148075087,240
1616148075087,240
1616148075087,240
1616148075087,240
1616148075087,240
1616148075087,240
1616148075087,240
1616148075087,240
1616148075087,240
1616148075087,240
1616148075087,240
1616148075087,240
1616148075087,240
1616148075087,240
1616148075087,240
1616148075087,240
1616148075087,240
1616148075087,240
1616148075087,240
1616148075087,240
1616148075087,240
1616148075087,240
1616148075087,240
1616148075087,240
1616148075087,240
1616148075087,240
1616148075087,240
1616148075087,240
1616148075087,240
1616148075087,240
1616148075087,240
1616148075087,240
1616148075087,240
1616148075087,240
1616148075087,240
1616148075087,240
1616148075087,240
1616148075087,240
1616148075087,240
1616148075087,240
1616148075087,240
1616148075087,240
1616148075087,240
1616148075087,240
1616148075087,240
1616148075087,240
1616148075087,240
1616148075087,240
1616148075087,240
1616148075087,240
1616148075087,240
1616148075087,240
1616148075087,240
1616148075087,240
1616148075087,240
1616148075087,240
1616148075087,240
1616148075087,240
1616148075087,240
1616148075087,240
1616148075087,240
1616148075087,240
1616148076009,241
1616148076048,247
1616148076072,250
1616148076072,250
1616148076072,250
1616148076072,250
1616148076072,250
1616148076072,250
1616148076072,250
1616148076072,250
1616148076072,250
1616148076072,250
1616148076072,250
1616148076072,250
1616148076072,250
1616148076072,250
1616148076072,250
1616148076072,250
1616148076072,250
1616148076072,250
1616148076072,250
1616148076072,250
1616148076072,250
1616148076072,250
1616148076072,250
1616148076072,250
1616148076072,250
1616148076072,250
1616148076072,250
1616148076072,250
1616148076072,250
1616148076072,250
1616148076072,250
1616148076072,250
1616148076072,250
1616148076072,250
1616148076072,250
1616148076072,250
1616148076072,250
1616148076072,250
1616148076072,250
1616148076072,250
1616148076072,250
1616148076072,250
1616148076072,250
1616148076072,250
1616148076072,250
1616148076072,250
1616148076072,250
1616148076072,250
1616148076072,250
1616148076072,250
1616148076072,250
1616148076072,250
1616148076072,250
1616148076072,250
1616148076072,250
1616148076072,250
1616148076072,250
1616148076072,250
1616148076072,250
1616148076072,250
1616148076072,250
1616148076072,250
1616148076072,250
1616148076072,250
1616148076072,250
1616148076072,250
1616148076072,250
1616148076072,250
1616148076072,250
1616148076072,250
1616148076072,250
1616148076072,250
1616148076072,250
1616148076072,250
1616148076072,250
1616148076072,250
1616148076072,250
1616148076072,250
1616148077009,251
1616148077046,254
1616148077066,257
1616148077083,260
1616148077083,260
1616148077083,260
1616148077083,260
1616148077083,260
1616148077083,260
1616148077083,260
1616148077083,260
1616148077083,260
1616148077083,260
1616148077083,260
1616148077083,260
1616148077083,260
1616148077083,260
1616148077083,260
1616148077083,260
1616148077083,260
1616148077083,260
1616148077083,260
1616148077083,260
1616148077083,260
1616148077083,260
1616148077083,260
1616148077083,260
1616148077083,260
1616148077083,260
1616148077083,260
1616148077083,260
1616148077083,260
1616148077083,260
1616148077083,260
1616148077083,260
1616148077083,260
1616148077083,260
1616148077083,260
1616148077083,260
1616148077083,260
1616148077083,260
1616148077083,260
1616148077083,260
1616148077083,260
1616148077083,260
1616148077083,260
1616148077083,260
1616148077083,260
1616148077083,260
1616148077083,260
1616148077083,260
1616148077083,260
1616148077083,260
1616148077083,260
1616148077083,260
1616148077083,260
1616148077083,260
1616148077083,260
1616148077083,260
1616148077083,260
1616148077083,260
1616148077083,260
1616148077083,260
1616148077083,260
1616148077083,260
1616148077083,260
1616148077083,260
1616148077083,260
1616148077083,260
1616148077083,260
1616148077083,260
1616148077083,260
1616148077083,260
1616148077083,260
1616148077083,260
1616148077083,260
1616148077083,260
1616148077083,260
1616148077083,260
1616148077083,260
1616148077083,260
1616148077083,260
1616148077083,260
1616148077083,260
1616148077083,260
1616148077083,260
1616148077083,260
1616148077083,260
1616148077083,260
1616148077083,260
1616148077083,260
1616148077083,260
1616148077083,260
1616148077083,260
1616148077083,260
1616148077083,260
1616148077083,260
1616148078012,261
1616148078053,266

1616148078101,270
1616148078101,270
1616148078101,270
1616148078101,270
1616148078101,270
1616148078101,270
1616148078101,270
1616148078101,270
1616148078101,270
1616148078101,270
1616148078101,270
1616148078101,270
1616148078101,270
1616148078101,270
1616148078101,270
1616148078101,270
1616148078101,270
1616148078101,270
1616148078101,270
1616148078101,270
1616148078101,270
1616148078101,270
1616148078101,270
1616148078101,270
1616148078101,270
1616148078101,270
1616148078101,270
1616148078101,270
1616148078101,270
1616148078101,270
1616148078101,270
1616148078101,270
1616148078101,270
1616148078101,270
1616148078101,270
1616148078101,270
1616148078101,270
1616148078101,270
1616148078101,270
1616148078101,270
1616148078101,270
1616148078101,270
1616148078101,270
1616148078101,270
1616148078101,270
1616148078101,270
1616148078101,270
1616148078101,270
1616148078101,270
1616148078101,270
1616148078101,270
1616148078101,270
1616148078101,270
1616148078101,270
1616148078101,270
1616148078101,270
1616148078101,270
1616148078101,270
1616148078101,270
1616148078101,270
1616148078101,270
1616148078101,270
1616148078101,270
1616148078101,270
1616148078101,270
1616148078101,270
1616148078101,270
1616148078101,270
1616148078101,270
1616148078101,270
1616148078101,270
1616148078101,270
1616148078101,270
1616148078101,270
1616148078101,270
1616148078101,270
1616148078101,270
1616148078101,270
1616148078101,270
1616148079042,275
1616148079055,280
1616148079055,280
1616148079055,280
1616148079055,280
1616148079055,280
1616148079055,280
1616148079055,280
1616148079055,280
1616148079055,280
1616148079055,280
1616148079055,280
1616148079055,280
1616148079055,280
1616148079055,280
1616148079055,280
1616148079055,280
1616148079055,280
1616148079055,280
1616148079055,280
1616148079055,280
1616148079055,280
1616148079055,280
1616148079055,280
1616148079055,280
1616148079055,280
1616148079055,280
1616148079055,280
1616148079055,280
1616148079055,280
1616148079055,280
1616148079055,280
1616148079055,280
1616148079055,280
1616148079055,280
1616148079055,280
1616148079055,280
1616148079055,280
1616148079055,280
1616148079055,280
1616148079055,280
1616148079055,280
1616148079055,280
1616148079055,280
1616148079055,280
1616148079055,280
1616148079055,280
1616148079055,280
1616148079055,280
1616148079055,280
1616148079055,280
1616148079055,280
1616148079055,280
1616148079055,280
1616148079055,280
1616148079055,280
1616148079055,280
1616148079055,280
1616148079055,280
1616148079055,280
1616148079055,280
1616148079055,280
1616148079055,280
1616148079055,280
1616148079055,280
1616148079055,280
1616148079055,280
1616148079055,280
1616148079055,280
1616148079055,280
1616148079055,280
1616148079055,280
1616148079055,280
1616148079055,280
1616148079055,280
1616148079055,280
1616148079055,280
1616148079055,280
1616148079055,280
1616148079055,280
1616148079055,280
1616148079055,280
1616148079055,280
1616148079055,280
1616148079055,280
1616148079055,280
1616148079055,280
1616148079055,280
1616148079055,280
1616148079055,280
1616148079055,280
1616148079055,280
1616148079055,280
1616148079055,280
1616148079055,280
1616148079055,280
1616148079055,280
1616148079055,280
1616148079055,280
1616148079055,280
1616148079055,280
1616148079055,280
1616148079055,280
1616148080031,283
1616148080040,284
1616148080099,290
1616148080099,290
1616148080099,290
1616148080099,290
1616148080099,290
1616148080099,290
1616148080099,290
1616148080099,290
1616148080099,290
1616148080099,290
1616148080099,290
1616148080099,290
1616148080099,290
1616148080099,290
1616148080099,290
1616148080099,290
1616148080099,290
1616148080099,290
1616148080099,290
1616148080099,290
1616148080099,290
1616148080099,290
1616148080099,290
1616148080099,290
1616148080099,290
1616148080099,290
1616148080099,290
1616148080099,290
1616148080099,290
1616148080099,290
1616148080099,290
1616148080099,290
1616148080099,290
1616148080099,290
1616148080099,290
1616148080099,290
1616148080099,290
1616148080099,290
1616148080099,290
1616148080099,290
1616148080099,290
1616148080099,290
1616148080099,290
1616148080099,290
1616148080099,290
1616148080099,290
1616148080099,290
1616148080099,290
1616148080099,290
1616148080099,290
1616148080099,290
1616148080099,290
1616148080099,290
1616148080099,290
1616148080099,290
1616148080099,290
1616148080099,290
1616148080099,290
1616148080099,290
1616148080099,290
1616148080099,290
1616148080099,290
1616148080099,290
1616148080099,290
1616148080099,290
1616148080099,290
1616148080099,290
1616148080099,290
1616148080099,290
1616148080099,290
1616148080099,290
1616148080099,290
1616148080099,290
1616148080099,290
1616148080099,290
1616148080099,290
1616148081033,295
1616148081046,298
1616148081066,300
1616148081066,300
1616148081066,300
1616148081066,300
1616148081066,300
1616148081066,300
1616148081066,300
1616148081066,300
1616148081066,300
1616148081066,300
1616148081066,300
1616148081066,300
1616148081066,300
1616148081066,300
1616148081066,300
1616148081066,300
1616148081066,300
1616148081066,300
1616148081066,300
1616148081066,300
1616148081066,300
1616148081066,300
1616148081066,300
1616148081066,300
1616148081066,300
1616148081066,300
1616148081066,300
1616148081066,300
1616148081066,300
1616148081066,300
1616148081066,300
1616148081066,300
1616148081066,300
1616148081066,300
1616148081066,300
1616148081066,300
1616148081066,300
1616148081066,300
1616148081066,300
1616148081066,300
1616148081066,300
1616148081066,300
1616148081066,300
1616148081066,300
1616148081066,300
1616148081066,300
1616148081066,300
1616148081066,300
1616148081066,300
1616148081066,300
1616148081066,300
1616148081066,300
1616148081066,300
1616148081066,300
1616148081066,300
1616148081066,300
1616148081066,300
1616148081066,300
1616148081066,300
1616148081066,300
1616148081066,300
1616148081066,300
1616148081066,300
1616148081066,300
1616148081066,300
1616148081066,300
1616148081066,300
1616148081066,300
1616148081066,300
1616148081066,300
1616148081066,300
1616148081066,300
1616148081066,300
1616148081066,300
1616148081066,300
1616148081066,300
1616148081066,300
1616148081066,300
1616148082014,301
1616148082047,307
1616148082072,308
1616148082083,310
1616148082083,310
1616148082083,310
1616148082083,310
1616148082083,310
1616148082083,310
1616148082083,310
1616148082083,310
1616148082083,310
1616148082083,310
1616148082083,310
1616148082083,310
1616148082083,310
1616148082083,310
1616148082083,310
1616148082083,310
1616148082083,310
1616148082083,310
1616148082083,310
1616148082083,310
1616148082083,310
1616148082083,310
1616148082083,310
1616148082083,310
1616148082083,310
1616148082083,310
1616148082083,310
1616148082083,310
1616148082083,310
1616148082083,310
1616148082083,310
1616148082083,310
1616148082083,310
1616148082083,310
1616148082083,310
1616148082083,310
1616148082083,310
1616148082083,310
1616148082083,310
1616148082083,310
1616148082083,310
1616148082083,310
1616148082083,310
1616148082083,310
1616148082083,310
1616148082083,310
1616148082083,310
1616148082083,310
1616148082083,310
1616148082083,310
1616148082083,310
1616148082083,310
1616148082083,310
1616148082083,310
1616148082083,310
1616148082083,310
1616148082083,310
1616148082083,310
1616148082083,310
1616148082083,310
1616148082083,310
1616148082083,310
1616148082083,310
1616148082083,310
1616148082083,310
1616148082083,310
1616148082083,310
1616148082083,310
1616148082083,310
1616148082083,310
1616148082083,310
1616148082083,310
1616148082083,310
1616148082083,310
1616148082083,310
1616148082083,310
1616148082083,310
1616148082083,310
1616148082083,310
1616148082083,310
1616148082083,310
1616148082083,310
1616148082083,310
1616148082083,310
1616148082083,310
1616148082083,310
1616148082083,310
1616148082083,310
1616148082083,310
1616148082083,310
1616148082083,310
