
1616148052011,10
1616148052011,10
1616148052011,10
1616148052011,10
1616148052011,10
1616148052011,10
1616148052011,10
1616148052011,10
1616148052011,10
1616148052011,10
1616148052011,10
1616148052011,10
1616148052011,10
1616148052011,10
1616148052011,10
1616148052011,10
1616148052011,10
1616148052011,10
1616148052011,10
1616148052011,10
1616148052011,10
1616148052011,10
1616148052011,10
1616148052011,10
1616148052011,10
1616148052011,10
1616148052011,10
1616148052011,10
1616148052011,10
1616148052011,10
1616148052011,10
1616148052011,10
1616148052011,10
1616148052011,10
1616148052011,10
1616148052011,10
1616148052011,10
1616148052011,10
1616148052011,10
1616148052011,10
1616148052011,10
1616148052011,10
1616148052011,10
1616148052011,10
1616148052011,10
1616148052011,10
1616148052011,10
1616148052011,10
1616148052011,10
1616148052011,10
1616148052011,10
1616148052011,10
1616148052011,10
1616148052011,10
1616148052011,10
1616148052011,10
1616148052011,10
1616148052011,10
1616148052011,10
1616148052011,10
1616148052011,10
1616148052011,10
1616148052011,10
1616148052011,10
1616148052011,10
1616148052011,10
1616148052011,10
1616148052011,10
1616148052011,10
1616148052011,10
1616148052011,10
1616148052011,10
1616148052011,10
1616148052011,10
1616148052011,10
1616148052011,10
1616148052011,10
1616148052011,10
1616148052011,10
1616148052011,10
1616148052011,10
1616148052011,10
1616148052011,10
1616148052011,10
1616148052011,10
1616148052011,10
1616148053020,15
1616148053044,20
1616148053044,20
1616148053044,20
1616148053044,20
1616148053044,20
1616148053044,20
1616148053044,20
1616148053044,20
1616148053044,20
1616148053044,20
1616148053044,20
1616148053044,20
1616148053044,20
1616148053044,20
1616148053044,20
1616148053044,20
1616148053044,20
1616148053044,20
1616148053044,20
1616148053044,20
1616148053044,20
1616148053044,20
1616148053044,20
1616148053044,20
1616148053044,20
1616148053044,20
1616148053044,20
1616148053044,20
1616148053044,20
1616148053044,20
1616148053044,20
1616148053044,20
1616148053044,20
1616148053044,20
1616148053044,20
1616148053044,20
1616148053044,20
1616148053044,20
1616148053044,20
1616148053044,20
1616148053044,20
1616148053044,20
1616148053044,20
1616148053044,20
1616148053044,20
1616148053044,20
1616148053044,20
1616148053044,20
1616148053044,20
1616148053044,20
1616148053044,20
1616148053044,20
1616148053044,20
1616148053044,20
1616148053044,20
1616148053044,20
1616148053044,20
1616148053044,20
1616148053044,20
1616148053044,20
1616148053044,20
1616148053044,20
1616148053044,20
1616148053044,20
1616148053044,20
1616148053044,20
1616148053044,20
1616148053044,20
1616148053044,20
1616148053044,20
1616148053044,20
1616148053044,20
1616148053044,20
1616148053044,20
1616148053044,20
1616148053044,20
1616148053044,20
1616148053044,20
1616148053044,20
1616148053044,20
1616148053044,20
1616148053044,20
1616148053044,20
1616148053044,20
1616148053044,20
1616148053044,20
1616148053044,20
1616148053044,20
1616148053044,20
1616148053044,20
1616148053044,20
1616148053044,20
1616148053044,20
1616148053044,20
1616148053044,20
1616148053044,20
1616148053044,20
1616148054008,22
1616148054029,29
1616148054031,30
1616148054031,30
1616148054031,30
1616148054031,30
1616148054031,30
1616148054031,30
1616148054031,30
1616148054031,30
1616148054031,30
1616148054031,30
1616148054031,30
1616148054031,30
1616148054031,30
1616148054031,30
1616148054031,30
1616148054031,30
1616148054031,30
1616148054031,30
1616148054031,30
1616148054031,30
1616148054031,30
1616148054031,30
1616148054031,30
1616148054031,30
1616148054031,30
1616148054031,30
1616148054031,30
1616148054031,30
1616148054031,30
1616148054031,30
1616148054031,30
1616148054031,30
1616148054031,30
1616148054031,30
1616148054031,30
1616148054031,30
1616148054031,30
1616148054031,30
1616148054031,30
1616148054031,30
1616148054031,30
1616148054031,30
1616148054031,30
1616148054031,30
1616148054031,30
1616148054031,30
1616148054031,30
1616148054031,30
1616148054031,30
1616148054031,30
1616148054031,30
1616148054031,30
1616148054031,30
1616148054031,30
1616148054031,30
1616148054031,30
1616148054031,30
1616148054031,30
1616148054031,30
1616148054031,30
1616148054031,30
1616148054031,30
1616148054031,30
1616148054031,30
1616148054031,30
1616148054031,30
1616148054031,30
1616148054031,30
1616148054031,30
1616148054031,30
1616148054031,30
1616148054031,30
1616148054031,30
1616148054031,30
1616148054031,30
1616148054031,30
1616148054031,30
1616148054031,30
1616148054031,30
1616148054031,30
1616148054031,30
1616148054031,30
1616148054031,30
1616148054031,30
1616148054031,30
1616148054031,30
1616148054031,30
1616148054031,30
1616148054031,30
1616148054031,30
1616148054031,30
1616148054031,30
1616148054031,30
1616148054031,30
1616148054031,30
1616148054031,30
1616148054031,30
1616148054031,30
1616148054031,30
1616148054031,30
1616148054031,30
1616148054031,30
1616148054031,30
1616148054031,30
1616148055001,31
1616148055022,33

1616148055066,40
1616148055066,40
1616148055066,40
1616148055066,40
1616148055066,40
1616148055066,40
1616148055066,40
1616148055066,40
1616148055066,40
1616148055066,40
1616148055066,40
1616148055066,40
1616148055066,40
1616148055066,40
1616148055066,40
1616148055066,40
1616148055066,40
1616148055066,40
1616148055066,40
1616148055066,40
1616148055066,40
1616148055066,40
1616148055066,40
1616148055066,40
1616148055066,40
1616148055066,40
1616148055066,40
1616148055066,40
1616148055066,40
1616148055066,40
1616148055066,40
1616148055066,40
1616148055066,40
1616148055066,40
1616148055066,40
1616148055066,40
1616148055066,40
1616148055066,40
1616148055066,40
1616148055066,40
1616148055066,40
1616148055066,40
1616148055066,40
1616148055066,40
1616148055066,40
1616148055066,40
1616148055066,40
1616148055066,40
1616148055066,40
1616148055066,40
1616148055066,40
1616148055066,40
1616148055066,40
1616148055066,40
1616148055066,40
1616148055066,40
1616148055066,40
1616148055066,40
1616148055066,40
1616148055066,40
1616148055066,40
1616148055066,40
1616148055066,40
1616148055066,40
1616148055066,40
1616148055066,40
1616148055066,40
1616148055066,40
1616148055066,40
1616148055066,40
1616148055066,40
1616148055066,40
1616148055066,40
1616148055066,40
1616148055066,40
1616148055066,40
1616148055066,40
1616148055066,40
1616148055066,40
1616148055066,40
1616148055066,40
1616148055066,40
1616148055066,40
1616148055066,40
1616148055066,40
1616148055066,40
1616148055066,40
1616148055066,40
1616148055066,40
1616148055066,40
1616148055066,40
1616148055066,40
1616148055066,40
1616148055066,40
1616148055066,40
1616148055066,40
1616148055066,40
1616148055066,40
1616148055066,40
1616148055066,40
1616148055066,40
1616148055066,40
1616148055066,40
1616148055066,40
1616148055066,40
1616148055066,40
1616148055066,40
1616148055066,40
1616148055066,40
1616148055066,40
1616148056007,43
1616148056022,45
1616148056050,50
1616148056050,50
1616148056050,50
1616148056050,50
1616148056050,50
1616148056050,50
1616148056050,50
1616148056050,50
1616148056050,50
1616148056050,50
1616148056050,50
1616148056050,50
1616148056050,50
1616148056050,50
1616148056050,50
1616148056050,50
1616148056050,50
1616148056050,50
1616148056050,50
1616148056050,50
1616148056050,50
1616148056050,50
1616148056050,50
1616148056050,50
1616148056050,50
1616148056050,50
1616148056050,50
1616148056050,50
1616148056050,50
1616148056050,50
1616148056050,50
1616148056050,50
1616148056050,50
1616148056050,50
1616148056050,50
1616148056050,50
1616148056050,50
1616148056050,50
1616148056050,50
1616148056050,50
1616148056050,50
1616148056050,50
1616148056050,50
1616148056050,50
1616148056050,50
1616148056050,50
1616148056050,50
1616148056050,50
1616148056050,50
1616148056050,50
1616148056050,50
1616148056050,50
1616148056050,50
1616148056050,50
1616148056050,50
1616148056050,50
1616148056050,50
1616148056050,50
1616148056050,50
1616148056050,50
1616148056050,50
1616148056050,50
1616148056050,50
1616148056050,50
1616148056050,50
1616148056050,50
1616148056050,50
1616148056050,50
1616148056050,50
1616148056050,50
1616148056050,50
1616148056050,50
1616148056050,50
1616148056050,50
1616148056050,50
1616148056050,50
1616148056050,50
1616148056050,50
1616148056050,50
1616148056050,50
1616148056050,50
1616148056050,50
1616148056050,50
1616148056050,50
1616148056050,50
1616148056050,50
1616148056050,50
1616148056050,50
1616148056050,50
1616148056050,50
1616148056050,50
1616148056050,50
1616148056050,50
1616148056050,50
1616148056050,50
1616148056050,50
1616148056050,50
1616148056050,50
1616148056050,50
1616148056050,50
1616148056050,50
1616148056050,50
1616148056050,50
1616148056050,50
1616148056050,50
1616148056050,50
1616148056050,50

1616148057042,60
1616148057042,60
1616148057042,60
1616148057042,60
1616148057042,60
1616148057042,60
1616148057042,60
1616148057042,60
1616148057042,60
1616148057042,60
1616148057042,60
1616148057042,60
1616148057042,60
1616148057042,60
1616148057042,60
1616148057042,60
1616148057042,60
1616148057042,60
1616148057042,60
1616148057042,60
1616148057042,60
1616148057042,60
1616148057042,60
1616148057042,60
1616148057042,60
1616148057042,60
1616148057042,60
1616148057042,60
1616148057042,60
1616148057042,60
1616148057042,60
1616148057042,60
1616148057042,60
1616148057042,60
1616148057042,60
1616148057042,60
1616148057042,60
1616148057042,60
1616148057042,60
1616148057042,60
1616148057042,60
1616148057042,60
1616148057042,60
1616148057042,60
1616148057042,60
1616148057042,60
1616148057042,60
1616148057042,60
1616148057042,60
1616148057042,60
1616148057042,60
1616148057042,60
1616148057042,60
1616148057042,60
1616148057042,60
1616148057042,60
1616148057042,60
1616148057042,60
1616148057042,60
1616148057042,60
1616148057042,60
1616148057042,60
1616148057042,60
1616148057042,60
1616148057042,60
1616148057042,60
1616148057042,60
1616148057042,60
1616148057042,60
1616148057042,60
1616148057042,60
1616148057042,60
1616148057042,60
1616148057042,60
1616148057042,60
1616148057042,60
1616148057042,60
1616148057042,60
1616148057042,60
1616148057042,60
1616148057042,60
1616148057042,60
1616148057042,60
1616148057042,60
1616148057042,60
1616148057042,60
1616148057042,60
1616148057042,60
1616148057042,60
1616148057042,60
1616148057042,60
1616148057042,60
1616148058001,61
1616148058026,69
1616148058029,70
1616148058029,70
1616148058029,70
1616148058029,70
1616148058029,70
1616148058029,70
1616148058029,70
1616148058029,70
1616148058029,70
1616148058029,70
1616148058029,70
1616148058029,70
1616148058029,70
1616148058029,70
1616148058029,70
1616148058029,70
1616148058029,70
1616148058029,70
1616148058029,70
1616148058029,70
1616148058029,70
1616148058029,70
1616148058029,70
1616148058029,70
1616148058029,70
1616148058029,70
1616148058029,70
1616148058029,70
1616148058029,70
1616148058029,70
1616148058029,70
1616148058029,70
1616148058029,70
1616148058029,70
1616148058029,70
1616148058029,70
1616148058029,70
1616148058029,70
1616148058029,70
1616148058029,70
1616148058029,70
1616148058029,70
1616148058029,70
1616148058029,70
1616148058029,70
1616148058029,70
1616148058029,70
1616148058029,70
1616148058029,70
1616148058029,70
1616148058029,70
1616148058029,70
1616148058029,70
1616148058029,70
1616148058029,70
1616148058029,70
1616148058029,70
1616148058029,70
1616148058029,70
1616148058029,70
1616148058029,70
1616148058029,70
1616148058029,70
1616148058029,70
1616148058029,70
1616148058029,70
1616148058029,70
1616148058029,70
1616148058029,70
1616148058029,70
1616148058029,70
1616148058029,70
1616148058029,70
1616148058029,70
1616148058029,70
1616148058029,70
1616148058029,70
1616148058029,70
1616148058029,70
1616148058029,70
1616148058029,70
1616148058029,70
1616148058029,70
1616148058029,70
1616148058029,70
1616148058029,70
1616148058029,70
1616148058029,70
1616148058029,70
1616148058029,70
1616148058029,70
1616148058029,70
1616148058029,70


1616148059043,80
1616148059043,80
1616148059043,80
1616148059043,80
1616148059043,80
1616148059043,80
1616148059043,80
1616148059043,80
1616148059043,80
1616148059043,80
1616148059043,80
1616148059043,80
1616148059043,80
1616148059043,80
1616148059043,80
1616148059043,80
1616148059043,80
1616148059043,80
1616148059043,80
1616148059043,80
1616148059043,80
1616148059043,80
1616148059043,80
1616148059043,80
1616148059043,80
1616148059043,80
1616148059043,80
1616148059043,80
1616148059043,80
1616148059043,80
1616148059043,80
1616148059043,80
1616148059043,80
1616148059043,80
1616148059043,80
1616148059043,80
1616148059043,80
1616148059043,80
1616148059043,80
1616148059043,80
1616148059043,80
1616148059043,80
1616148059043,80
1616148059043,80
1616148059043,80
1616148059043,80
1616148059043,80
1616148059043,80
1616148059043,80
1616148059043,80
1616148059043,80
1616148059043,80
1616148059043,80
1616148059043,80
1616148059043,80
1616148059043,80
1616148059043,80
1616148059043,80
1616148059043,80
1616148059043,80
1616148059043,80
1616148059043,80
1616148059043,80
1616148059043,80
1616148059043,80
1616148059043,80
1616148059043,80
1616148059043,80
1616148059043,80
1616148059043,80
1616148059043,80
1616148059043,80
1616148059043,80
1616148059043,80
1616148059043,80
1616148059043,80
1616148059043,80
1616148059043,80
1616148059043,80
1616148059043,80
1616148059043,80
1616148059043,80
1616148059043,80
1616148059043,80
1616148059043,80
1616148059043,80
1616148059043,80
1616148059043,80
1616148059043,80
1616148059043,80
1616148059043,80
1616148059043,80
1616148059043,80
1616148059043,80
1616148059043,80
1616148059043,80
1616148059043,80
1616148060025,86
1616148060082,90
1616148060082,90
1616148060082,90
1616148060082,90
1616148060082,90
1616148060082,90
1616148060082,90
1616148060082,90
1616148060082,90
1616148060082,90
1616148060082,90
1616148060082,90
1616148060082,90
1616148060082,90
1616148060082,90
1616148060082,90
1616148060082,90
1616148060082,90
1616148060082,90
1616148060082,90
1616148060082,90
1616148060082,90
1616148060082,90
1616148060082,90
1616148060082,90
1616148060082,90
1616148060082,90
1616148060082,90
1616148060082,90
1616148060082,90
1616148060082,90
1616148060082,90
1616148060082,90
1616148060082,90
1616148060082,90
1616148060082,90
1616148060082,90
1616148060082,90
1616148060082,90
1616148060082,90
1616148060082,90
1616148060082,90
1616148060082,90
1616148060082,90
1616148060082,90
1616148060082,90
1616148060082,90
1616148060082,90
1616148060082,90
1616148060082,90
1616148060082,90
1616148060082,90
1616148060082,90
1616148060082,90
1616148061006,92
1616148061028,96
1616148061058,100
1616148061058,100
1616148061058,100
1616148061058,100
1616148061058,100
1616148061058,100
1616148061058,100
1616148061058,100
1616148061058,100
1616148061058,100
1616148061058,100
1616148061058,100
1616148061058,100
1616148061058,100
1616148061058,100
1616148061058,100
1616148061058,100
1616148061058,100
1616148061058,100
1616148061058,100
1616148061058,100
1616148061058,100
1616148061058,100
1616148061058,100
1616148061058,100
1616148061058,100
1616148061058,100
1616148061058,100
1616148061058,100
1616148061058,100
1616148061058,100
1616148061058,100
1616148061058,100
1616148061058,100
1616148061058,100
1616148061058,100
1616148061058,100
1616148061058,100
1616148061058,100
1616148061058,100
1616148061058,100
1616148061058,100
1616148061058,100
1616148061058,100
1616148061058,100
1616148061058,100
1616148061058,100
1616148061058,100
1616148061058,100
1616148061058,100
1616148061058,100
1616148061058,100
1616148061058,100
1616148061058,100
1616148061058,100
1616148061058,100
1616148061058,100
1616148061058,100
1616148061058,100
1616148061058,100
1616148061058,100
1616148061058,100
1616148061058,100
1616148061058,100
1616148061058,100
1616148061058,100
1616148061058,100
1616148061058,100
1616148061058,100
1616148061058,100
1616148061058,100
1616148061058,100
1616148061058,100
1616148061058,100
1616148061058,100
1616148061058,100
1616148061058,100
1616148061058,100
1616148061058,100
1616148061058,100
1616148061058,100
1616148061058,100
1616148061058,100
1616148061058,100
1616148061058,100
1616148061058,100
1616148061058,100
1616148061058,100
1616148061058,100
1616148061058,100
1616148062006,102
1616148062023,106
1616148062037,110
1616148062037,110
1616148062037,110
1616148062037,110
1616148062037,110
1616148062037,110
1616148062037,110
1616148062037,110
1616148062037,110
1616148062037,110
1616148062037,110
1616148062037,110
1616148062037,110
1616148062037,110
1616148062037,110
1616148062037,110
1616148062037,110
1616148062037,110
1616148062037,110
1616148062037,110
1616148062037,110
1616148062037,110
1616148062037,110
1616148062037,110
1616148062037,110
1616148062037,110
1616148062037,110
1616148062037,110
1616148062037,110
1616148062037,110
1616148062037,110
1616148062037,110
1616148062037,110
1616148062037,110
1616148062037,110
1616148062037,110
1616148062037,110
1616148062037,110
1616148062037,110
1616148062037,110
1616148062037,110
1616148062037,110
1616148062037,110
1616148062037,110
1616148062037,110
1616148062037,110
1616148062037,110
1616148062037,110
1616148062037,110
1616148062037,110
1616148062037,110
1616148062037,110
1616148062037,110
1616148062037,110
1616148062037,110
1616148062037,110
1616148062037,110
1616148062037,110
1616148062037,110
1616148062037,110
1616148062037,110
1616148062037,110
1616148062037,110
1616148062037,110
1616148062037,110
1616148062037,110
1616148062037,110
1616148062037,110
1616148062037,110
1616148062037,110
1616148062037,110
1616148062037,110
1616148062037,110
1616148062037,110
1616148062037,110
1616148062037,110
1616148062037,110
1616148062037,110
1616148062037,110
1616148062037,110
1616148062037,110
1616148062037,110
1616148062037,110
1616148062037,110
1616148062037,110
1616148062037,110
1616148062037,110
1616148062037,110
1616148062037,110
1616148062037,110
1616148063006,112
1616148063032,118
1616148063039,120
1616148063039,120
1616148063039,120
1616148063039,120
1616148063039,120
1616148063039,120
1616148063039,120
1616148063039,120
1616148063039,120
1616148063039,120
1616148063039,120
1616148063039,120
1616148063039,120
1616148063039,120
1616148063039,120
1616148063039,120
1616148063039,120
1616148063039,120
1616148063039,120
1616148063039,120
1616148063039,120
1616148063039,120
1616148063039,120
1616148063039,120
1616148063039,120
1616148063039,120
1616148063039,120
1616148063039,120
1616148063039,120
1616148063039,120
1616148063039,120
1616148063039,120
1616148063039,120
1616148063039,120
1616148063039,120
1616148063039,120
1616148063039,120
1616148063039,120
1616148063039,120
1616148063039,120
1616148063039,120
1616148063039,120
1616148063039,120
1616148063039,120
1616148063039,120
1616148063039,120
1616148063039,120
1616148063039,120
1616148063039,120
1616148063039,120
1616148063039,120
1616148063039,120
1616148063039,120
1616148063039,120
1616148063039,120
1616148063039,120
1616148063039,120
1616148063039,120
1616148063039,120
1616148063039,120
1616148063039,120
1616148063039,120
1616148063039,120
1616148063039,120
1616148063039,120
1616148063039,120
1616148063039,120
1616148063039,120
1616148063039,120
1616148063039,120
1616148063039,120
1616148063039,120
1616148063039,120
1616148063039,120
1616148063039,120
1616148063039,120
1616148063039,120
1616148063039,120
1616148063039,120
1616148063039,120
1616148063039,120
1616148063039,120
1616148063039,120
1616148063039,120
1616148063039,120
1616148063039,120
1616148064001,121
1616148064031,125
1616148064040,127
1616148064059,130
1616148064059,130
1616148064059,130
1616148064059,130
1616148064059,130
1616148064059,130
1616148064059,130
1616148064059,130
1616148064059,130
1616148064059,130
1616148064059,130
1616148064059,130
1616148064059,130
1616148064059,130
1616148064059,130
1616148064059,130
1616148064059,130
1616148064059,130
1616148064059,130
1616148064059,130
1616148064059,130
1616148064059,130
1616148064059,130
1616148064059,130
1616148064059,130
1616148064059,130
1616148064059,130
1616148064059,130
1616148064059,130
1616148064059,130
1616148064059,130
1616148064059,130
1616148064059,130
1616148064059,130
1616148064059,130
1616148064059,130
1616148064059,130
1616148064059,130
1616148064059,130
1616148064059,130
1616148064059,130
1616148064059,130
1616148064059,130
1616148064059,130
1616148064059,130
1616148064059,130
1616148064059,130
1616148064059,130
1616148064059,130
1616148064059,130
1616148064059,130
1616148064059,130
1616148064059,130
1616148064059,130
1616148064059,130
1616148064059,130
1616148064059,130
1616148064059,130
1616148064059,130
1616148064059,130
1616148064059,130
1616148064059,130
1616148064059,130
1616148064059,130
1616148064059,130
1616148064059,130
1616148064059,130
1616148064059,130
1616148064059,130
1616148064059,130
1616148064059,130
1616148064059,130
1616148064059,130
1616148064059,130
1616148064059,130
1616148064059,130
1616148064059,130
1616148064059,130
1616148064059,130
1616148064059,130
1616148064059,130
1616148064059,130
1616148064059,130
1616148064059,130
1616148064059,130
1616148064059,130
1616148064059,130
1616148064059,130
1616148064059,130
1616148064059,130
1616148064059,130
1616148064059,130
1616148064059,130
1616148065018,135
1616148065040,139
1616148065054,140
1616148065054,140
1616148065054,140
1616148065054,140
1616148065054,140
1616148065054,140
1616148065054,140
1616148065054,140
1616148065054,140
1616148065054,140
1616148065054,140
1616148065054,140
1616148065054,140
1616148065054,140
1616148065054,140
1616148065054,140
1616148065054,140
1616148065054,140
1616148065054,140
1616148065054,140
1616148065054,140
1616148065054,140
1616148065054,140
1616148065054,140
1616148065054,140
1616148065054,140
1616148065054,140
1616148065054,140
1616148065054,140
1616148065054,140
1616148065054,140
1616148065054,140
1616148065054,140
1616148065054,140
1616148065054,140
1616148065054,140
1616148065054,140
1616148065054,140
1616148065054,140
1616148065054,140
1616148065054,140
1616148065054,140
1616148065054,140
1616148065054,140
1616148065054,140
1616148065054,140
1616148065054,140
1616148065054,140
1616148065054,140
1616148065054,140
1616148065054,140
1616148065054,140
1616148065054,140
1616148065054,140
1616148065054,140
1616148065054,140
1616148065054,140
1616148065054,140
1616148065054,140
1616148065054,140
1616148065054,140
1616148065054,140
1616148065054,140
1616148065054,140
1616148065054,140
1616148065054,140
1616148065054,140
1616148065054,140
1616148065054,140
1616148065054,140
1616148065054,140
1616148065054,140
1616148065054,140
1616148065054,140
1616148065054,140
1616148065054,140
1616148065054,140
1616148065054,140
1616148065054,140
1616148065054,140
1616148065054,140
1616148065054,140
1616148065054,140
1616148065054,140
1616148065054,140
1616148065054,140
1616148065054,140
1616148065054,140
1616148065054,140
1616148065054,140
1616148065054,140
1616148065054,140
1616148065054,140

1616148066041,150
1616148066041,150
1616148066041,150
1616148066041,150
1616148066041,150
1616148066041,150
1616148066041,150
1616148066041,150
1616148066041,150
1616148066041,150
1616148066041,150
1616148066041,150
1616148066041,150
1616148066041,150
1616148066041,150
1616148066041,150
1616148066041,150
1616148066041,150
1616148066041,150
1616148066041,150
1616148066041,150
1616148066041,150
1616148066041,150
1616148066041,150
1616148066041,150
1616148066041,150
1616148066041,150
1616148066041,150
1616148066041,150
1616148066041,150
1616148066041,150
1616148066041,150
1616148066041,150
1616148066041,150
1616148066041,150
1616148066041,150
1616148066041,150
1616148066041,150
1616148066041,150
1616148066041,150
1616148066041,150
1616148066041,150
1616148066041,150
1616148066041,150
1616148066041,150
1616148066041,150
1616148066041,150
1616148066041,150
1616148066041,150
1616148066041,150
1616148066041,150
1616148066041,150
1616148066041,150
1616148066041,150
1616148066041,150
1616148066041,150
1616148066041,150
1616148066041,150
1616148066041,150
1616148066041,150
1616148066041,150
1616148066041,150
1616148066041,150
1616148066041,150
1616148066041,150
1616148066041,150
1616148066041,150
1616148066041,150
1616148066041,150
1616148066041,150
1616148066041,150
1616148066041,150
1616148066041,150
1616148066041,150
1616148066041,150
1616148066041,150
1616148066041,150
1616148066041,150
1616148066041,150
1616148066041,150
1616148066041,150
1616148066041,150
1616148066041,150
1616148066041,150
1616148066041,150
1616148066041,150
1616148066041,150
1616148067031,159
1616148067037,160
1616148067037,160
1616148067037,160
1616148067037,160
1616148067037,160
1616148067037,160
1616148067037,160
1616148067037,160
1616148067037,160
1616148067037,160
1616148067037,160
1616148067037,160
1616148067037,160
1616148067037,160
1616148067037,160
1616148067037,160
1616148067037,160
1616148067037,160
1616148067037,160
1616148067037,160
1616148067037,160
1616148067037,160
1616148067037,160
1616148067037,160
1616148067037,160
1616148067037,160
1616148067037,160
1616148067037,160
1616148067037,160
1616148067037,160
1616148067037,160
1616148067037,160
1616148067037,160
1616148067037,160
1616148067037,160
1616148067037,160
1616148067037,160
1616148067037,160
1616148067037,160
1616148067037,160
1616148067037,160
1616148067037,160
1616148067037,160
1616148067037,160
1616148067037,160
1616148067037,160
1616148067037,160
1616148067037,160
1616148067037,160
1616148067037,160
1616148067037,160
1616148067037,160
1616148067037,160
1616148067037,160
1616148067037,160
1616148067037,160
1616148067037,160
1616148067037,160
1616148067037,160
1616148067037,160
1616148067037,160
1616148067037,160
1616148067037,160
1616148067037,160
1616148067037,160
1616148067037,160
1616148067037,160
1616148067037,160
1616148067037,160
1616148067037,160
1616148067037,160
1616148067037,160
1616148067037,160
1616148067037,160
1616148067037,160
1616148067037,160
1616148067037,160
1616148067037,160
1616148067037,160
1616148067037,160
1616148067037,160
1616148067037,160
1616148067037,160
1616148067037,160
1616148067037,160
1616148067037,160
1616148067037,160
1616148067037,160
1616148067037,160
1616148067037,160
1616148067037,160
1616148067037,160
1616148067037,160
1616148067037,160
1616148068007,162
1616148068025,167
1616148068031,170
1616148068031,170
1616148068031,170
1616148068031,170
1616148068031,170
1616148068031,170
1616148068031,170
1616148068031,170
1616148068031,170
1616148068031,170
1616148068031,170
1616148068031,170
1616148068031,170
1616148068031,170
1616148068031,170
1616148068031,170
1616148068031,170
1616148068031,170
1616148068031,170
1616148068031,170
1616148068031,170
1616148068031,170
1616148068031,170
1616148068031,170
1616148068031,170
1616148068031,170
1616148068031,170
1616148068031,170
1616148068031,170
1616148068031,170
1616148068031,170
1616148068031,170
1616148068031,170
1616148068031,170
1616148068031,170
1616148068031,170
1616148068031,170
1616148068031,170
1616148068031,170
1616148068031,170
1616148068031,170
1616148068031,170
1616148068031,170
1616148068031,170
1616148068031,170
1616148068031,170
1616148068031,170
1616148068031,170
1616148068031,170
1616148068031,170
1616148068031,170
1616148068031,170
1616148068031,170
1616148068031,170
1616148068031,170
1616148068031,170
1616148068031,170
1616148068031,170
1616148068031,170
1616148068031,170
1616148068031,170
1616148068031,170
1616148068031,170
1616148068031,170
1616148068031,170
1616148068031,170
1616148068031,170
1616148068031,170
1616148068031,170
1616148068031,170
1616148068031,170
1616148068031,170
1616148068031,170
1616148068031,170
1616148068031,170
1616148068031,170
1616148068031,170
1616148068031,170
1616148068031,170
1616148068031,170
1616148068031,170
1616148068031,170
1616148068031,170
1616148068031,170
1616148068031,170
1616148068031,170
1616148068031,170
1616148068031,170
1616148068031,170
1616148068031,170
1616148068031,170
1616148068031,170
1616148068031,170
1616148068031,170
1616148068031,170
1616148068031,170
1616148069022,174
1616148069031,176
1616148069077,179
1616148069079,180
1616148069079,180
1616148069079,180
1616148069079,180
1616148069079,180
1616148069079,180
1616148069079,180
1616148069079,180
1616148069079,180
1616148069079,180
1616148069079,180
1616148069079,180
1616148069079,180
1616148069079,180
1616148069079,180
1616148069079,180
1616148069079,180
1616148069079,180
1616148069079,180
1616148069079,180
1616148069079,180
1616148069079,180
1616148069079,180
1616148069079,180
1616148069079,180
1616148069079,180
1616148069079,180
1616148069079,180
1616148069079,180
1616148069079,180
1616148069079,180
1616148069079,180
1616148069079,180
1616148069079,180
1616148069079,180
1616148069079,180
1616148069079,180
1616148069079,180
1616148069079,180
1616148069079,180
1616148069079,180
1616148069079,180
1616148069079,180
1616148069079,180
1616148069079,180
1616148069079,180
1616148069079,180
1616148069079,180
1616148069079,180
1616148069079,180
1616148069079,180
1616148069079,180
1616148069079,180
1616148069079,180
1616148069079,180
1616148069079,180
1616148069079,180
1616148069079,180
1616148069079,180
1616148069079,180
1616148069079,180
1616148069079,180
1616148069079,180
1616148069079,180
1616148069079,180
1616148069079,180
1616148069079,180
1616148069079,180
1616148069079,180
1616148069079,180
1616148069079,180
1616148069079,180
1616148069079,180
1616148069079,180
1616148069079,180
1616148069079,180
1616148069079,180
1616148069079,180
1616148069079,180
1616148069079,180
1616148069079,180
1616148069079,180
1616148069079,180
1616148069079,180
1616148070043,189
1616148070046,190
1616148070046,190
1616148070046,190
1616148070046,190
1616148070046,190
1616148070046,190
1616148070046,190
1616148070046,190
1616148070046,190
1616148070046,190
1616148070046,190
1616148070046,190
1616148070046,190
1616148070046,190
1616148070046,190
1616148070046,190
1616148070046,190
1616148070046,190
1616148070046,190
1616148070046,190
1616148070046,190
1616148070046,190
1616148070046,190
1616148070046,190
1616148070046,190
1616148070046,190
1616148070046,190
1616148070046,190
1616148070046,190
1616148070046,190
1616148070046,190
1616148070046,190
1616148070046,190
1616148070046,190
1616148070046,190
1616148070046,190
1616148070046,190
1616148070046,190
1616148070046,190
1616148070046,190
1616148070046,190
1616148070046,190
1616148070046,190
1616148070046,190
1616148070046,190
1616148070046,190
1616148070046,190
1616148070046,190
1616148070046,190
1616148070046,190
1616148070046,190
1616148070046,190
1616148070046,190
1616148070046,190
1616148070046,190
1616148070046,190
1616148070046,190
1616148070046,190
1616148070046,190
1616148070046,190
1616148070046,190
1616148070046,190
1616148070046,190
1616148070046,190
1616148070046,190
1616148070046,190
1616148070046,190
1616148070046,190
1616148070046,190
1616148070046,190
1616148070046,190
1616148070046,190
1616148070046,190
1616148070046,190
1616148070046,190
1616148071005,192
1616148071040,198
1616148071049,200
1616148071049,200
1616148071049,200
1616148071049,200
1616148071049,200
1616148071049,200
1616148071049,200
1616148071049,200
1616148071049,200
1616148071049,200
1616148071049,200
1616148071049,200
1616148071049,200
1616148071049,200
1616148071049,200
1616148071049,200
1616148071049,200
1616148071049,200
1616148071049,200
1616148071049,200
1616148071049,200
1616148071049,200
1616148071049,200
1616148071049,200
1616148071049,200
1616148071049,200
1616148071049,200
1616148071049,200
1616148071049,200
1616148071049,200
1616148071049,200
1616148071049,200
1616148071049,200
1616148071049,200
1616148071049,200
1616148071049,200
1616148071049,200
1616148071049,200
1616148071049,200
1616148071049,200
1616148071049,200
1616148071049,200
1616148071049,200
1616148071049,200
1616148071049,200
1616148071049,200
1616148071049,200
1616148071049,200
1616148071049,200
1616148071049,200
1616148071049,200
1616148071049,200
1616148071049,200
1616148071049,200
1616148071049,200
1616148071049,200
1616148071049,200
1616148071049,200
1616148071049,200
1616148071049,200
1616148071049,200
1616148071049,200
1616148071049,200
1616148071049,200
1616148071049,200
1616148071049,200
1616148071049,200
1616148071049,200
1616148071049,200
1616148071049,200
1616148071049,200
1616148071049,200
1616148071049,200
1616148071049,200
1616148071049,200
1616148071049,200
1616148071049,200
1616148071049,200
1616148071049,200
1616148071049,200
1616148071049,200
1616148071049,200
1616148071049,200
1616148071049,200
1616148071049,200
1616148072004,201
1616148072045,209
1616148072056,210
1616148072056,210
1616148072056,210
1616148072056,210
1616148072056,210
1616148072056,210
1616148072056,210
1616148072056,210
1616148072056,210
1616148072056,210
1616148072056,210
1616148072056,210
1616148072056,210
1616148072056,210
1616148072056,210
1616148072056,210
1616148072056,210
1616148072056,210
1616148072056,210
1616148072056,210
1616148072056,210
1616148072056,210
1616148072056,210
1616148072056,210
1616148072056,210
1616148072056,210
1616148072056,210
1616148072056,210
1616148072056,210
1616148072056,210
1616148072056,210
1616148072056,210
1616148072056,210
1616148072056,210
1616148072056,210
1616148072056,210
1616148072056,210
1616148072056,210
1616148072056,210
1616148072056,210
1616148072056,210
1616148072056,210
1616148072056,210
1616148072056,210
1616148072056,210
1616148072056,210
1616148072056,210
1616148072056,210
1616148072056,210
1616148072056,210
1616148072056,210
1616148072056,210
1616148072056,210
1616148072056,210
1616148072056,210
1616148072056,210
1616148072056,210
1616148072056,210
1616148072056,210
1616148072056,210
1616148072056,210
1616148072056,210
1616148072056,210
1616148072056,210
1616148072056,210
1616148072056,210
1616148072056,210
1616148072056,210
1616148072056,210
1616148072056,210
1616148072056,210
1616148072056,210
1616148072056,210
1616148072056,210
1616148072056,210
1616148072056,210
1616148072056,210
1616148072056,210
1616148072056,210
1616148072056,210
1616148072056,210
1616148073004,211
1616148073039,216
1616148073061,217
1616148073094,220
1616148073094,220
1616148073094,220
1616148073094,220
1616148073094,220
1616148073094,220
1616148073094,220
1616148073094,220
1616148073094,220
1616148073094,220
1616148073094,220
1616148073094,220
1616148073094,220
1616148073094,220
1616148073094,220
1616148073094,220
1616148073094,220
1616148073094,220
1616148073094,220
1616148073094,220
1616148073094,220
1616148073094,220
1616148073094,220
1616148073094,220
1616148073094,220
1616148073094,220
1616148073094,220
1616148073094,220
1616148073094,220
1616148073094,220
1616148073094,220
1616148073094,220
1616148073094,220
1616148073094,220
1616148073094,220
1616148073094,220
1616148073094,220
1616148073094,220
1616148073094,220
1616148073094,220
1616148073094,220
1616148073094,220
1616148073094,220
1616148073094,220
1616148073094,220
1616148073094,220
1616148073094,220
1616148073094,220
1616148073094,220
1616148073094,220
1616148073094,220
1616148073094,220
1616148073094,220
1616148073094,220
1616148073094,220
1616148073094,220
1616148073094,220
1616148073094,220
1616148073094,220
1616148073094,220
1616148073094,220
1616148073094,220
1616148073094,220
1616148073094,220
1616148073094,220
1616148073094,220
1616148073094,220
1616148073094,220
1616148073094,220
1616148073094,220
1616148073094,220
1616148074018,225
1616148074043,230
1616148074043,230
1616148074043,230
1616148074043,230
1616148074043,230
1616148074043,230
1616148074043,230
1616148074043,230
1616148074043,230
1616148074043,230
1616148074043,230
1616148074043,230
1616148074043,230
1616148074043,230
1616148074043,230
1616148074043,230
1616148074043,230
1616148074043,230
1616148074043,230
1616148074043,230
1616148074043,230
1616148074043,230
1616148074043,230
1616148074043,230
1616148074043,230
1616148074043,230
1616148074043,230
1616148074043,230
1616148074043,230
1616148074043,230
1616148074043,230
1616148074043,230
1616148074043,230
1616148074043,230
1616148074043,230
1616148074043,230
1616148074043,230
1616148074043,230
1616148074043,230
1616148074043,230
1616148074043,230
1616148074043,230
1616148074043,230
1616148074043,230
1616148074043,230
1616148074043,230
1616148074043,230
1616148074043,230
1616148074043,230
1616148074043,230
1616148074043,230
1616148074043,230
1616148074043,230
1616148074043,230
1616148074043,230
1616148074043,230
1616148074043,230
1616148074043,230
1616148074043,230
1616148074043,230
1616148074043,230
1616148074043,230
1616148074043,230
1616148074043,230
1616148074043,230
1616148074043,230
1616148074043,230
1616148074043,230
1616148074043,230
1616148074043,230
1616148074043,230
1616148074043,230
1616148074043,230
1616148074043,230
1616148074043,230
1616148074043,230
1616148074043,230
1616148074043,230
1616148074043,230
1616148074043,230
1616148074043,230
1616148074043,230
1616148074043,230
1616148074043,230
1616148074043,230
1616148074043,230
1616148074043,230
1616148074043,230
1616148074043,230
1616148074043,230
1616148074043,230
1616148074043,230
1616148074043,230
1616148074043,230
1616148074043,230
1616148074043,230
1616148074043,230
1616148074043,230
1616148075017,233
1616148075052,236
1616148075073,240
1616148075073,240
1616148075073,240
1616148075073,240
1616148075073,240
1616148075073,240
1616148075073,240
1616148075073,240
1616148075073,240
1616148075073,240
1616148075073,240
1616148075073,240
1616148075073,240
1616148075073,240
1616148075073,240
1616148075073,240
1616148075073,240
1616148075073,240
1616148075073,240
1616148075073,240
1616148075073,240
1616148075073,240
1616148075073,240
1616148075073,240
1616148075073,240
1616148075073,240
1616148075073,240
1616148075073,240
1616148075073,240
1616148075073,240
1616148075073,240
1616148075073,240
1616148075073,240
1616148075073,240
1616148075073,240
1616148075073,240
1616148075073,240
1616148075073,240
1616148075073,240
1616148075073,240
1616148075073,240
1616148075073,240
1616148075073,240
1616148075073,240
1616148075073,240
1616148075073,240
1616148075073,240
1616148075073,240
1616148075073,240
1616148075073,240
1616148075073,240
1616148075073,240
1616148075073,240
1616148075073,240
1616148075073,240
1616148075073,240
1616148075073,240
1616148075073,240
1616148075073,240
1616148075073,240
1616148075073,240
1616148075073,240
1616148075073,240
1616148075073,240
1616148075073,240
1616148075073,240
1616148075073,240
1616148075073,240
1616148075073,240
1616148075073,240
1616148075073,240
1616148075073,240
1616148075073,240
1616148075073,240
1616148075073,240
1616148075073,240
1616148075073,240
1616148075073,240
1616148075073,240
1616148075073,240
1616148075073,240
1616148075073,240
1616148075073,240
1616148075073,240
1616148075073,240
1616148075073,240
1616148075073,240
1616148075073,240
1616148075073,240
1616148076006,242
1616148076034,247
1616148076066,250
1616148076066,250
1616148076066,250
1616148076066,250
1616148076066,250
1616148076066,250
1616148076066,250
1616148076066,250
1616148076066,250
1616148076066,250
1616148076066,250
1616148076066,250
1616148076066,250
1616148076066,250
1616148076066,250
1616148076066,250
1616148076066,250
1616148076066,250
1616148076066,250
1616148076066,250
1616148076066,250
1616148076066,250
1616148076066,250
1616148076066,250
1616148076066,250
1616148076066,250
1616148076066,250
1616148076066,250
1616148076066,250
1616148076066,250
1616148076066,250
1616148076066,250
1616148076066,250
1616148076066,250
1616148076066,250
1616148076066,250
1616148076066,250
1616148076066,250
1616148076066,250
1616148076066,250
1616148076066,250
1616148076066,250
1616148076066,250
1616148076066,250
1616148076066,250
1616148076066,250
1616148076066,250
1616148076066,250
1616148076066,250
1616148076066,250
1616148076066,250
1616148076066,250
1616148076066,250
1616148076066,250
1616148076066,250
1616148076066,250
1616148076066,250
1616148076066,250
1616148076066,250
1616148076066,250
1616148076066,250
1616148076066,250
1616148076066,250
1616148076066,250
1616148076066,250
1616148076066,250
1616148076066,250
1616148076066,250
1616148076066,250
1616148076066,250
1616148076066,250
1616148076066,250
1616148076066,250
1616148076066,250
1616148076066,250
1616148076066,250
1616148076066,250
1616148076066,250
1616148076066,250
1616148077006,252
1616148077027,255
1616148077075,260
1616148077075,260
1616148077075,260
1616148077075,260
1616148077075,260
1616148077075,260
1616148077075,260
1616148077075,260
1616148077075,260
1616148077075,260
1616148077075,260
1616148077075,260
1616148077075,260
1616148077075,260
1616148077075,260
1616148077075,260
1616148077075,260
1616148077075,260
1616148077075,260
1616148077075,260
1616148077075,260
1616148077075,260
1616148077075,260
1616148077075,260
1616148077075,260
1616148077075,260
1616148077075,260
1616148077075,260
1616148077075,260
1616148077075,260
1616148077075,260
1616148077075,260
1616148077075,260
1616148077075,260
1616148077075,260
1616148077075,260
1616148077075,260
1616148077075,260
1616148077075,260
1616148077075,260
1616148077075,260
1616148077075,260
1616148077075,260
1616148077075,260
1616148077075,260
1616148077075,260
1616148077075,260
1616148077075,260
1616148077075,260
1616148077075,260
1616148077075,260
1616148077075,260
1616148077075,260
1616148077075,260
1616148077075,260
1616148077075,260
1616148077075,260
1616148077075,260
1616148077075,260
1616148077075,260
1616148077075,260
1616148077075,260
1616148077075,260
1616148077075,260
1616148077075,260
1616148077075,260
1616148077075,260
1616148077075,260
1616148077075,260
1616148077075,260
1616148077075,260
1616148077075,260
1616148077075,260
1616148077075,260
1616148077075,260
1616148077075,260
1616148077075,260
1616148077075,260
1616148077075,260
1616148077075,260
1616148077075,260
1616148077075,260
1616148077075,260
1616148077075,260
1616148077075,260
1616148077075,260
1616148077075,260
1616148077075,260
1616148077075,260
1616148077075,260
1616148077075,260
1616148077075,260
1616148077075,260
1616148078004,261
1616148078052,269
1616148078057,270
1616148078057,270
1616148078057,270
1616148078057,270
1616148078057,270
1616148078057,270
1616148078057,270
1616148078057,270
1616148078057,270
1616148078057,270
1616148078057,270
1616148078057,270
1616148078057,270
1616148078057,270
1616148078057,270
1616148078057,270
1616148078057,270
1616148078057,270
1616148078057,270
1616148078057,270
1616148078057,270
1616148078057,270
1616148078057,270
1616148078057,270
1616148078057,270
1616148078057,270
1616148078057,270
1616148078057,270
1616148078057,270
1616148078057,270
1616148078057,270
1616148078057,270
1616148078057,270
1616148078057,270
1616148078057,270
1616148078057,270
1616148078057,270
1616148078057,270
1616148078057,270
1616148078057,270
1616148078057,270
1616148078057,270
1616148078057,270
1616148078057,270
1616148078057,270
1616148078057,270
1616148078057,270
1616148078057,270
1616148078057,270
1616148078057,270
1616148078057,270
1616148078057,270
1616148078057,270
1616148078057,270
1616148078057,270
1616148078057,270
1616148078057,270
1616148078057,270
1616148078057,270
1616148078057,270
1616148078057,270
1616148078057,270
1616148078057,270
1616148078057,270
1616148078057,270
1616148078057,270
1616148078057,270
1616148078057,270
1616148078057,270
1616148078057,270
1616148078057,270
1616148078057,270
1616148078057,270
1616148078057,270
1616148078057,270
1616148078057,270
1616148078057,270
1616148078057,270
1616148079032,280
1616148079032,280
1616148079032,280
1616148079032,280
1616148079032,280
1616148079032,280
1616148079032,280
1616148079032,280
1616148079032,280
1616148079032,280
1616148079032,280
1616148079032,280
1616148079032,280
1616148079032,280
1616148079032,280
1616148079032,280
1616148079032,280
1616148079032,280
1616148079032,280
1616148079032,280
1616148079032,280
1616148079032,280
1616148079032,280
1616148079032,280
1616148079032,280
1616148079032,280
1616148079032,280
1616148079032,280
1616148079032,280
1616148079032,280
1616148079032,280
1616148079032,280
1616148079032,280
1616148079032,280
1616148079032,280
1616148079032,280
1616148079032,280
1616148079032,280
1616148079032,280
1616148079032,280
1616148079032,280
1616148079032,280
1616148079032,280
1616148079032,280
1616148079032,280
1616148079032,280
1616148079032,280
1616148079032,280
1616148079032,280
1616148079032,280
1616148079032,280
1616148079032,280
1616148079032,280
1616148079032,280
1616148079032,280
1616148079032,280
1616148079032,280
1616148079032,280
1616148079032,280
1616148079032,280
1616148079032,280
1616148079032,280
1616148079032,280
1616148079032,280
1616148079032,280
1616148079032,280
1616148079032,280
1616148079032,280
1616148079032,280
1616148079032,280
1616148079032,280
1616148079032,280
1616148079032,280
1616148079032,280
1616148079032,280
1616148079032,280
1616148079032,280
1616148079032,280
1616148079032,280
1616148079032,280
1616148079032,280
1616148079032,280
1616148079032,280
1616148079032,280
1616148079032,280
1616148079032,280
1616148079032,280
1616148079032,280
1616148079032,280
1616148079032,280
1616148079032,280
1616148079032,280
1616148079032,280
1616148079032,280
1616148079032,280
1616148079032,280
1616148079032,280
1616148079032,280
1616148079032,280
1616148079032,280
1616148079032,280
1616148079032,280
1616148079032,280
1616148079032,280
1616148080004,281
1616148080028,284
1616148080046,286
1616148080074,290
1616148080074,290
1616148080074,290
1616148080074,290
1616148080074,290
1616148080074,290
1616148080074,290
1616148080074,290
1616148080074,290
1616148080074,290
1616148080074,290
1616148080074,290
1616148080074,290
1616148080074,290
1616148080074,290
1616148080074,290
1616148080074,290
1616148080074,290
1616148080074,290
1616148080074,290
1616148080074,290
1616148080074,290
1616148080074,290
1616148080074,290
1616148080074,290
1616148080074,290
1616148080074,290
1616148080074,290
1616148080074,290
1616148080074,290
1616148080074,290
1616148080074,290
1616148080074,290
1616148080074,290
1616148080074,290
1616148080074,290
1616148080074,290
1616148080074,290
1616148080074,290
1616148080074,290
1616148080074,290
1616148080074,290
1616148080074,290
1616148080074,290
1616148080074,290
1616148080074,290
1616148080074,290
1616148080074,290
1616148080074,290
1616148080074,290
1616148080074,290
1616148080074,290
1616148080074,290
1616148080074,290
1616148080074,290
1616148080074,290
1616148080074,290
1616148080074,290
1616148080074,290
1616148080074,290
1616148080074,290
1616148080074,290
1616148080074,290
1616148080074,290
1616148080074,290
1616148080074,290
1616148080074,290
1616148080074,290
1616148080074,290
1616148080074,290
1616148080074,290
1616148080074,290
1616148080074,290
1616148080074,290
1616148080074,290
1616148080074,290
1616148080074,290
1616148080074,290
1616148081007,292
1616148081035,298
1616148081055,300
1616148081055,300
1616148081055,300
1616148081055,300
1616148081055,300
1616148081055,300
1616148081055,300
1616148081055,300
1616148081055,300
1616148081055,300
1616148081055,300
1616148081055,300
1616148081055,300
1616148081055,300
1616148081055,300
1616148081055,300
1616148081055,300
1616148081055,300
1616148081055,300
1616148081055,300
1616148081055,300
1616148081055,300
1616148081055,300
1616148081055,300
1616148081055,300
1616148081055,300
1616148081055,300
1616148081055,300
1616148081055,300
1616148081055,300
1616148081055,300
1616148081055,300
1616148081055,300
1616148081055,300
1616148081055,300
1616148081055,300
1616148081055,300
1616148081055,300
1616148081055,300
1616148081055,300
1616148081055,300
1616148081055,300
1616148081055,300
1616148081055,300
1616148081055,300
1616148081055,300
1616148081055,300
1616148081055,300
1616148081055,300
1616148081055,300
1616148081055,300
1616148081055,300
1616148081055,300
1616148081055,300
1616148081055,300
1616148081055,300
1616148081055,300
1616148081055,300
1616148081055,300
1616148081055,300
1616148081055,300
1616148081055,300
1616148081055,300
1616148081055,300
1616148081055,300
1616148081055,300
1616148081055,300
1616148081055,300
1616148081055,300
1616148081055,300
1616148081055,300
1616148081055,300
1616148081055,300
1616148081055,300
1616148081055,300
1616148081055,300
1616148081055,300
1616148081055,300
1616148081055,300
1616148082016,303
1616148082028,306
1616148082057,309
1616148082067,310
1616148082067,310
1616148082067,310
1616148082067,310
1616148082067,310
1616148082067,310
1616148082067,310
1616148082067,310
1616148082067,310
1616148082067,310
1616148082067,310
1616148082067,310
1616148082067,310
1616148082067,310
1616148082067,310
1616148082067,310
1616148082067,310
1616148082067,310
1616148082067,310
1616148082067,310
1616148082067,310
1616148082067,310
1616148082067,310
1616148082067,310
1616148082067,310
1616148082067,310
1616148082067,310
1616148082067,310
1616148082067,310
1616148082067,310
1616148082067,310
1616148082067,310
1616148082067,310
1616148082067,310
1616148082067,310
1616148082067,310
1616148082067,310
1616148082067,310
1616148082067,310
1616148082067,310
1616148082067,310
1616148082067,310
1616148082067,310
1616148082067,310
1616148082067,310
1616148082067,310
1616148082067,310
1616148082067,310
1616148082067,310
1616148082067,310
1616148082067,310
1616148082067,310
1616148082067,310
1616148082067,310
1616148082067,310
1616148082067,310
1616148082067,310
1616148082067,310
1616148082067,310
1616148082067,310
1616148082067,310
1616148082067,310
1616148082067,310
1616148082067,310
1616148082067,310
1616148082067,310
1616148082067,310
1616148082067,310
1616148082067,310
1616148082067,310
1616148082067,310
1616148082067,310
1616148082067,310
1616148082067,310
1616148082067,310
1616148082067,310
1616148082067,310
1616148082067,310
1616148082067,310
1616148082067,310
1616148082067,310
1616148082067,310
1616148082067,310
1616148082067,310
1616148082067,310
1616148082067,310
1616148082067,310
1616148082067,310
1616148082067,310
1616148082067,310
1616148082067,310
1616148082067,310
1616148082067,310
1616148082067,310
1616148082067,310
1616148082067,310
